2023-06-13 17:29:16,338 | INFO | <<DEBUT EXTRACTION>>
2023-06-13 17:29:16,339 | INFO | Ouverture de Chrome...
2023-06-13 17:29:25,689 | DEBUG | str : 2023-06-13 17:29:16
2023-06-13 17:29:25,689 | DEBUG | request to SC : https://api-v2.soundcloud.com/recent-tracks/acidcore?offset=2023-06-13T17:29:16.000Z%2Crecent-content-tracks-by-tag%2Csoundcloud%3Atracks%3A1482398899&limit=10&client_id=tyFGpYeFlJG938Pu0R4ibFdtNBkvBkcJ&app_version=1685711325&app_locale=fr
2023-06-13 17:29:25,689 | DEBUG | str : 2023-06-13 17:29:16
2023-06-13 17:29:26,330 | INFO | Requête : 1 ---------------------------------------------------------------------------------------
2023-06-13 17:29:26,334 | INFO | Item : 1 | created_at : 2023-06-12 22:26:30Z
2023-06-13 17:29:26,337 | DEBUG | nb objets en RAM : (693, 11, 7)
2023-06-13 17:29:26,337 | INFO | Item : 2 | created_at : 2023-06-12 22:20:00Z
2023-06-13 17:29:26,339 | DEBUG | nb objets en RAM : (693, 11, 7)
2023-06-13 17:29:26,339 | INFO | Item : 3 | created_at : 2023-06-12 18:29:16Z
2023-06-13 17:29:26,344 | DEBUG | nb objets en RAM : (693, 11, 7)
2023-06-13 17:29:26,344 | INFO | Item : 4 | created_at : 2023-06-12 15:34:33Z
2023-06-13 17:29:26,344 | DEBUG | nb objets en RAM : (693, 11, 7)
2023-06-13 17:29:26,344 | INFO | Item : 5 | created_at : 2023-06-12 14:48:35Z
2023-06-13 17:29:26,344 | DEBUG | nb objets en RAM : (693, 11, 7)
2023-06-13 17:29:26,346 | INFO | Item : 6 | created_at : 2023-06-12 13:49:25Z
2023-06-13 17:29:26,366 | DEBUG | nb objets en RAM : (693, 11, 7)
2023-06-13 17:29:26,366 | INFO | Item : 7 | created_at : 2023-06-12 10:02:35Z
2023-06-13 17:29:26,370 | DEBUG | nb objets en RAM : (693, 11, 7)
2023-06-13 17:29:26,373 | INFO | Item : 8 | created_at : 2023-06-12 09:38:01Z
2023-06-13 17:29:26,375 | DEBUG | nb objets en RAM : (693, 11, 7)
2023-06-13 17:29:26,375 | INFO | Item : 9 | created_at : 2023-06-11 23:21:19Z
2023-06-13 17:29:26,375 | DEBUG | nb objets en RAM : (693, 11, 7)
2023-06-13 17:29:26,375 | INFO | Item : 10 | created_at : 2023-06-11 20:30:42Z
2023-06-13 17:29:26,375 | DEBUG | nb objets en RAM : (693, 11, 7)
2023-06-13 17:29:26,390 | DEBUG | request to SC : https://api-v2.soundcloud.com/recent-tracks/acidcore?offset=2023-06-11T20%3A30%3A42.000Z%2Crecent-content-tracks-by-tag%2Csoundcloud%3Atracks%3A1537110484&limit=10&client_id=tyFGpYeFlJG938Pu0R4ibFdtNBkvBkcJ&app_version=1685711325&app_locale=fr
2023-06-13 17:29:26,746 | INFO | Requête : 2 ---------------------------------------------------------------------------------------
2023-06-13 17:29:26,757 | INFO | Item : 11 | created_at : 2023-06-11 18:17:57Z
2023-06-13 17:29:26,757 | DEBUG | nb objets en RAM : (129, 0, 8)
2023-06-13 17:29:26,758 | INFO | Item : 12 | created_at : 2023-06-11 17:32:52Z
2023-06-13 17:29:26,764 | DEBUG | nb objets en RAM : (129, 0, 8)
2023-06-13 17:29:26,764 | INFO | Item : 13 | created_at : 2023-06-11 15:47:24Z
2023-06-13 17:29:26,768 | DEBUG | nb objets en RAM : (129, 0, 8)
2023-06-13 17:29:26,768 | INFO | Item : 14 | created_at : 2023-06-11 15:43:49Z
2023-06-13 17:29:26,770 | DEBUG | nb objets en RAM : (129, 0, 8)
2023-06-13 17:29:26,774 | INFO | Item : 15 | created_at : 2023-06-11 12:18:47Z
2023-06-13 17:29:26,775 | DEBUG | nb objets en RAM : (129, 0, 8)
2023-06-13 17:29:26,775 | INFO | Item : 16 | created_at : 2023-06-11 10:26:45Z
2023-06-13 17:29:26,775 | DEBUG | nb objets en RAM : (129, 0, 8)
2023-06-13 17:29:26,775 | INFO | Item : 17 | created_at : 2023-06-10 23:37:29Z
2023-06-13 17:29:26,775 | DEBUG | nb objets en RAM : (129, 0, 8)
2023-06-13 17:29:26,775 | INFO | Item : 18 | created_at : 2023-06-10 20:18:18Z
2023-06-13 17:29:26,775 | DEBUG | nb objets en RAM : (129, 0, 8)
2023-06-13 17:29:26,775 | INFO | Item : 19 | created_at : 2023-06-10 19:47:49Z
2023-06-13 17:29:26,775 | DEBUG | nb objets en RAM : (129, 0, 8)
2023-06-13 17:29:26,775 | INFO | Item : 20 | created_at : 2023-06-10 17:34:56Z
2023-06-13 17:29:26,775 | DEBUG | nb objets en RAM : (129, 0, 8)
2023-06-13 17:29:26,780 | DEBUG | request to SC : https://api-v2.soundcloud.com/recent-tracks/acidcore?offset=2023-06-10T17%3A34%3A56.000Z%2Crecent-content-tracks-by-tag%2Csoundcloud%3Atracks%3A1536238126&limit=10&client_id=tyFGpYeFlJG938Pu0R4ibFdtNBkvBkcJ&app_version=1685711325&app_locale=fr
2023-06-13 17:29:27,019 | INFO | Requête : 3 ---------------------------------------------------------------------------------------
2023-06-13 17:29:27,020 | INFO | Item : 21 | created_at : 2023-06-10 16:59:22Z
2023-06-13 17:29:27,020 | DEBUG | nb objets en RAM : (160, 0, 8)
2023-06-13 17:29:27,020 | INFO | Item : 22 | created_at : 2023-06-10 16:48:20Z
2023-06-13 17:29:27,020 | DEBUG | nb objets en RAM : (160, 0, 8)
2023-06-13 17:29:27,020 | INFO | Item : 23 | created_at : 2023-06-10 14:16:06Z
2023-06-13 17:29:27,020 | DEBUG | nb objets en RAM : (160, 0, 8)
2023-06-13 17:29:27,020 | INFO | Item : 24 | created_at : 2023-06-10 13:20:24Z
2023-06-13 17:29:27,020 | DEBUG | nb objets en RAM : (160, 0, 8)
2023-06-13 17:29:27,020 | INFO | Item : 25 | created_at : 2023-06-10 10:44:18Z
2023-06-13 17:29:27,020 | DEBUG | nb objets en RAM : (160, 0, 8)
2023-06-13 17:29:27,020 | INFO | Item : 26 | created_at : 2023-06-10 04:55:01Z
2023-06-13 17:29:27,025 | DEBUG | nb objets en RAM : (160, 0, 8)
2023-06-13 17:29:27,025 | INFO | Item : 27 | created_at : 2023-06-10 04:51:18Z
2023-06-13 17:29:27,025 | DEBUG | nb objets en RAM : (160, 0, 8)
2023-06-13 17:29:27,029 | DEBUG | request to SC : https://api-v2.soundcloud.com/recent-tracks/acidcore?offset=2023-06-09T20%3A03%3A22.000Z%2Crecent-content-tracks-by-tag%2Csoundcloud%3Atracks%3A1535422450&limit=10&client_id=tyFGpYeFlJG938Pu0R4ibFdtNBkvBkcJ&app_version=1685711325&app_locale=fr
2023-06-13 17:29:27,321 | INFO | Requête : 4 ---------------------------------------------------------------------------------------
2023-06-13 17:29:27,322 | INFO | Item : 28 | created_at : 2023-06-09 18:01:17Z
2023-06-13 17:29:27,322 | DEBUG | nb objets en RAM : (258, 0, 8)
2023-06-13 17:29:27,322 | INFO | Item : 29 | created_at : 2023-06-09 17:31:28Z
2023-06-13 17:29:27,322 | DEBUG | nb objets en RAM : (258, 0, 8)
2023-06-13 17:29:27,322 | INFO | Item : 30 | created_at : 2023-06-09 16:14:20Z
2023-06-13 17:29:27,323 | DEBUG | nb objets en RAM : (258, 0, 8)
2023-06-13 17:29:27,323 | INFO | Item : 31 | created_at : 2023-06-09 06:14:29Z
2023-06-13 17:29:27,323 | DEBUG | nb objets en RAM : (258, 0, 8)
2023-06-13 17:29:27,323 | INFO | Item : 32 | created_at : 2023-06-08 20:30:47Z
2023-06-13 17:29:27,323 | DEBUG | nb objets en RAM : (258, 0, 8)
2023-06-13 17:29:27,323 | INFO | Item : 33 | created_at : 2023-06-08 19:28:57Z
2023-06-13 17:29:27,323 | DEBUG | nb objets en RAM : (258, 0, 8)
2023-06-13 17:29:27,323 | INFO | Item : 34 | created_at : 2023-06-08 18:32:51Z
2023-06-13 17:29:27,323 | DEBUG | nb objets en RAM : (258, 0, 8)
2023-06-13 17:29:27,323 | INFO | Item : 35 | created_at : 2023-06-08 14:09:29Z
2023-06-13 17:29:27,323 | DEBUG | nb objets en RAM : (258, 0, 8)
2023-06-13 17:29:27,323 | INFO | Item : 36 | created_at : 2023-06-08 07:56:54Z
2023-06-13 17:29:27,323 | DEBUG | nb objets en RAM : (258, 0, 8)
2023-06-13 17:29:27,327 | DEBUG | request to SC : https://api-v2.soundcloud.com/recent-tracks/acidcore?offset=2023-06-08T07%3A56%3A54.000Z%2Crecent-content-tracks-by-tag%2Csoundcloud%3Atracks%3A1533872434&limit=10&client_id=tyFGpYeFlJG938Pu0R4ibFdtNBkvBkcJ&app_version=1685711325&app_locale=fr
2023-06-13 17:29:27,640 | INFO | Requête : 5 ---------------------------------------------------------------------------------------
2023-06-13 17:29:27,645 | INFO | Item : 37 | created_at : 2023-06-08 03:28:40Z
2023-06-13 17:29:27,646 | DEBUG | nb objets en RAM : (340, 0, 8)
2023-06-13 17:29:27,647 | INFO | Item : 38 | created_at : 2023-06-08 00:38:06Z
2023-06-13 17:29:27,648 | DEBUG | nb objets en RAM : (340, 0, 8)
2023-06-13 17:29:27,648 | INFO | Item : 39 | created_at : 2023-06-08 00:34:35Z
2023-06-13 17:29:27,649 | DEBUG | nb objets en RAM : (340, 0, 8)
2023-06-13 17:29:27,649 | INFO | Item : 40 | created_at : 2023-06-07 19:41:34Z
2023-06-13 17:29:27,650 | DEBUG | nb objets en RAM : (340, 0, 8)
2023-06-13 17:29:27,654 | INFO | Item : 41 | created_at : 2023-06-07 18:35:06Z
2023-06-13 17:29:27,659 | DEBUG | nb objets en RAM : (340, 0, 8)
2023-06-13 17:29:27,659 | INFO | Item : 42 | created_at : 2023-06-07 17:27:41Z
2023-06-13 17:29:27,663 | DEBUG | nb objets en RAM : (340, 0, 8)
2023-06-13 17:29:27,664 | INFO | Item : 43 | created_at : 2023-06-07 16:24:34Z
2023-06-13 17:29:27,668 | DEBUG | nb objets en RAM : (340, 0, 8)
2023-06-13 17:29:27,669 | INFO | Item : 44 | created_at : 2023-06-07 15:34:50Z
2023-06-13 17:29:27,673 | DEBUG | nb objets en RAM : (340, 0, 8)
2023-06-13 17:29:27,674 | INFO | Item : 45 | created_at : 2023-06-07 15:01:51Z
2023-06-13 17:29:27,676 | DEBUG | nb objets en RAM : (340, 0, 8)
2023-06-13 17:29:27,683 | DEBUG | request to SC : https://api-v2.soundcloud.com/recent-tracks/acidcore?offset=2023-06-07T15%3A01%3A51.000Z%2Crecent-content-tracks-by-tag%2Csoundcloud%3Atracks%3A1533216133&limit=10&client_id=tyFGpYeFlJG938Pu0R4ibFdtNBkvBkcJ&app_version=1685711325&app_locale=fr
2023-06-13 17:29:28,108 | INFO | Requête : 6 ---------------------------------------------------------------------------------------
2023-06-13 17:29:28,115 | INFO | Item : 46 | created_at : 2023-06-07 10:09:45Z
2023-06-13 17:29:28,118 | DEBUG | nb objets en RAM : (415, 0, 8)
2023-06-13 17:29:28,118 | INFO | Item : 47 | created_at : 2023-06-07 09:40:57Z
2023-06-13 17:29:28,123 | DEBUG | nb objets en RAM : (415, 0, 8)
2023-06-13 17:29:28,124 | INFO | Item : 48 | created_at : 2023-06-07 09:38:27Z
2023-06-13 17:29:28,127 | DEBUG | nb objets en RAM : (415, 0, 8)
2023-06-13 17:29:28,127 | INFO | Item : 49 | created_at : 2023-06-07 00:50:48Z
2023-06-13 17:29:28,128 | DEBUG | nb objets en RAM : (415, 0, 8)
2023-06-13 17:29:28,128 | INFO | Item : 50 | created_at : 2023-06-06 21:03:17Z
2023-06-13 17:29:28,128 | DEBUG | nb objets en RAM : (415, 0, 8)
2023-06-13 17:29:28,128 | INFO | Item : 51 | created_at : 2023-06-06 20:17:45Z
2023-06-13 17:29:28,129 | DEBUG | nb objets en RAM : (415, 0, 8)
2023-06-13 17:29:28,129 | INFO | Item : 52 | created_at : 2023-06-06 19:20:15Z
2023-06-13 17:29:28,131 | DEBUG | nb objets en RAM : (415, 0, 8)
2023-06-13 17:29:28,132 | INFO | Item : 53 | created_at : 2023-06-06 18:59:31Z
2023-06-13 17:29:28,133 | DEBUG | nb objets en RAM : (415, 0, 8)
2023-06-13 17:29:28,133 | INFO | Item : 54 | created_at : 2023-06-06 17:24:46Z
2023-06-13 17:29:28,134 | DEBUG | nb objets en RAM : (415, 0, 8)
2023-06-13 17:29:28,147 | DEBUG | request to SC : https://api-v2.soundcloud.com/recent-tracks/acidcore?offset=2023-06-06T17%3A24%3A46.000Z%2Crecent-content-tracks-by-tag%2Csoundcloud%3Atracks%3A1532418547&limit=10&client_id=tyFGpYeFlJG938Pu0R4ibFdtNBkvBkcJ&app_version=1685711325&app_locale=fr
2023-06-13 17:29:28,420 | INFO | Requête : 7 ---------------------------------------------------------------------------------------
2023-06-13 17:29:28,423 | INFO | Item : 55 | created_at : 2023-06-06 17:16:57Z
2023-06-13 17:29:28,424 | DEBUG | nb objets en RAM : (487, 0, 8)
2023-06-13 17:29:28,425 | INFO | Item : 56 | created_at : 2023-06-06 16:58:34Z
2023-06-13 17:29:28,425 | DEBUG | nb objets en RAM : (487, 0, 8)
2023-06-13 17:29:28,426 | INFO | Item : 57 | created_at : 2023-06-06 11:23:40Z
2023-06-13 17:29:28,427 | DEBUG | nb objets en RAM : (487, 0, 8)
2023-06-13 17:29:28,428 | INFO | Item : 58 | created_at : 2023-06-06 09:35:06Z
2023-06-13 17:29:28,429 | DEBUG | nb objets en RAM : (487, 0, 8)
2023-06-13 17:29:28,430 | INFO | Item : 59 | created_at : 2023-06-06 07:51:20Z
2023-06-13 17:29:28,433 | DEBUG | nb objets en RAM : (487, 0, 8)
2023-06-13 17:29:28,436 | INFO | Item : 60 | created_at : 2023-06-06 03:59:33Z
2023-06-13 17:29:28,437 | DEBUG | nb objets en RAM : (487, 0, 8)
2023-06-13 17:29:28,437 | INFO | Item : 61 | created_at : 2023-06-05 20:48:11Z
2023-06-13 17:29:28,438 | DEBUG | nb objets en RAM : (487, 0, 8)
2023-06-13 17:29:28,438 | INFO | Item : 62 | created_at : 2023-06-05 19:38:38Z
2023-06-13 17:29:28,439 | DEBUG | nb objets en RAM : (487, 0, 8)
2023-06-13 17:29:28,439 | INFO | Item : 63 | created_at : 2023-06-05 17:25:44Z
2023-06-13 17:29:28,439 | DEBUG | nb objets en RAM : (487, 0, 8)
2023-06-13 17:29:28,454 | DEBUG | request to SC : https://api-v2.soundcloud.com/recent-tracks/acidcore?offset=2023-06-05T17%3A25%3A44.000Z%2Crecent-content-tracks-by-tag%2Csoundcloud%3Atracks%3A1531548757&limit=10&client_id=tyFGpYeFlJG938Pu0R4ibFdtNBkvBkcJ&app_version=1685711325&app_locale=fr
2023-06-13 17:29:28,716 | INFO | Requête : 8 ---------------------------------------------------------------------------------------
2023-06-13 17:29:28,719 | INFO | Item : 64 | created_at : 2023-06-05 17:02:11Z
2023-06-13 17:29:28,736 | DEBUG | nb objets en RAM : (579, 0, 8)
2023-06-13 17:29:28,736 | INFO | Item : 65 | created_at : 2023-06-05 16:59:45Z
2023-06-13 17:29:28,736 | DEBUG | nb objets en RAM : (579, 0, 8)
2023-06-13 17:29:28,736 | INFO | Item : 66 | created_at : 2023-06-05 16:35:49Z
2023-06-13 17:29:28,736 | DEBUG | nb objets en RAM : (579, 0, 8)
2023-06-13 17:29:28,736 | INFO | Item : 67 | created_at : 2023-06-05 15:30:31Z
2023-06-13 17:29:28,737 | DEBUG | nb objets en RAM : (579, 0, 8)
2023-06-13 17:29:28,737 | INFO | Item : 68 | created_at : 2023-06-05 12:32:23Z
2023-06-13 17:29:28,737 | DEBUG | nb objets en RAM : (579, 0, 8)
2023-06-13 17:29:28,737 | INFO | Item : 69 | created_at : 2023-06-05 08:12:06Z
2023-06-13 17:29:28,737 | DEBUG | nb objets en RAM : (579, 0, 8)
2023-06-13 17:29:28,737 | INFO | Item : 70 | created_at : 2023-06-04 21:58:13Z
2023-06-13 17:29:28,737 | DEBUG | nb objets en RAM : (579, 0, 8)
2023-06-13 17:29:28,737 | INFO | Item : 71 | created_at : 2023-06-04 20:34:30Z
2023-06-13 17:29:28,738 | DEBUG | nb objets en RAM : (579, 0, 8)
2023-06-13 17:29:28,738 | INFO | Item : 72 | created_at : 2023-06-04 20:28:21Z
2023-06-13 17:29:28,738 | DEBUG | nb objets en RAM : (579, 0, 8)
2023-06-13 17:29:28,767 | INFO | Item : 73 | created_at : 2023-06-04 20:13:46Z
2023-06-13 17:29:28,767 | DEBUG | nb objets en RAM : (579, 0, 8)
2023-06-13 17:29:28,782 | DEBUG | request to SC : https://api-v2.soundcloud.com/recent-tracks/acidcore?offset=2023-06-04T20%3A13%3A46.000Z%2Crecent-content-tracks-by-tag%2Csoundcloud%3Atracks%3A1530754837&limit=10&client_id=tyFGpYeFlJG938Pu0R4ibFdtNBkvBkcJ&app_version=1685711325&app_locale=fr
2023-06-13 17:29:29,097 | INFO | Requête : 9 ---------------------------------------------------------------------------------------
2023-06-13 17:29:29,099 | INFO | Item : 74 | created_at : 2023-06-04 17:38:56Z
2023-06-13 17:29:29,106 | DEBUG | nb objets en RAM : (589, 0, 8)
2023-06-13 17:29:29,106 | INFO | Item : 75 | created_at : 2023-06-04 12:39:56Z
2023-06-13 17:29:29,107 | DEBUG | nb objets en RAM : (589, 0, 8)
2023-06-13 17:29:29,108 | INFO | Item : 76 | created_at : 2023-06-04 10:34:16Z
2023-06-13 17:29:29,110 | DEBUG | nb objets en RAM : (589, 0, 8)
2023-06-13 17:29:29,110 | INFO | Item : 77 | created_at : 2023-06-03 21:25:21Z
2023-06-13 17:29:29,114 | DEBUG | nb objets en RAM : (589, 0, 8)
2023-06-13 17:29:29,116 | INFO | Item : 78 | created_at : 2023-06-03 19:37:45Z
2023-06-13 17:29:29,117 | DEBUG | nb objets en RAM : (589, 0, 8)
2023-06-13 17:29:29,117 | INFO | Item : 79 | created_at : 2023-06-03 19:11:01Z
2023-06-13 17:29:29,118 | DEBUG | nb objets en RAM : (589, 0, 8)
2023-06-13 17:29:29,144 | DEBUG | request to SC : https://api-v2.soundcloud.com/recent-tracks/acidcore?offset=2023-06-03T19%3A11%3A01.000Z%2Crecent-content-tracks-by-tag%2Csoundcloud%3Atracks%3A1529971459&limit=10&client_id=tyFGpYeFlJG938Pu0R4ibFdtNBkvBkcJ&app_version=1685711325&app_locale=fr
2023-06-13 17:29:29,719 | INFO | Requête : 10 ---------------------------------------------------------------------------------------
2023-06-13 17:29:29,720 | INFO | Item : 80 | created_at : 2023-06-03 17:09:23Z
2023-06-13 17:29:29,723 | DEBUG | nb objets en RAM : (0, 1, 8)
2023-06-13 17:29:29,724 | INFO | Item : 81 | created_at : 2023-06-03 15:43:13Z
2023-06-13 17:29:29,725 | DEBUG | nb objets en RAM : (0, 1, 8)
2023-06-13 17:29:29,728 | INFO | Item : 82 | created_at : 2023-06-03 15:16:08Z
2023-06-13 17:29:29,729 | DEBUG | nb objets en RAM : (0, 1, 8)
2023-06-13 17:29:29,730 | INFO | Item : 83 | created_at : 2023-06-03 14:58:00Z
2023-06-13 17:29:29,730 | DEBUG | nb objets en RAM : (0, 1, 8)
2023-06-13 17:29:29,734 | INFO | Item : 84 | created_at : 2023-06-03 14:52:52Z
2023-06-13 17:29:29,735 | DEBUG | nb objets en RAM : (0, 1, 8)
2023-06-13 17:29:29,736 | INFO | Item : 85 | created_at : 2023-06-03 14:09:00Z
2023-06-13 17:29:29,737 | DEBUG | nb objets en RAM : (0, 1, 8)
2023-06-13 17:29:29,737 | INFO | Item : 86 | created_at : 2023-06-03 13:33:12Z
2023-06-13 17:29:29,738 | DEBUG | nb objets en RAM : (0, 1, 8)
2023-06-13 17:29:29,738 | INFO | Item : 87 | created_at : 2023-06-03 11:01:05Z
2023-06-13 17:29:29,739 | DEBUG | nb objets en RAM : (0, 1, 8)
2023-06-13 17:29:29,739 | INFO | Item : 88 | created_at : 2023-06-03 01:19:40Z
2023-06-13 17:29:29,740 | DEBUG | nb objets en RAM : (0, 1, 8)
2023-06-13 17:29:29,757 | DEBUG | request to SC : https://api-v2.soundcloud.com/recent-tracks/acidcore?offset=2023-06-03T01%3A19%3A40.000Z%2Crecent-content-tracks-by-tag%2Csoundcloud%3Atracks%3A1529335342&limit=10&client_id=tyFGpYeFlJG938Pu0R4ibFdtNBkvBkcJ&app_version=1685711325&app_locale=fr
2023-06-13 17:29:30,019 | INFO | Requête : 11 ---------------------------------------------------------------------------------------
2023-06-13 17:29:30,019 | INFO | Item : 89 | created_at : 2023-06-02 23:44:36Z
2023-06-13 17:29:30,020 | DEBUG | nb objets en RAM : (62, 1, 8)
2023-06-13 17:29:30,020 | INFO | Item : 90 | created_at : 2023-06-02 23:17:38Z
2023-06-13 17:29:30,025 | DEBUG | nb objets en RAM : (62, 1, 8)
2023-06-13 17:29:30,026 | INFO | Item : 91 | created_at : 2023-06-02 19:28:23Z
2023-06-13 17:29:30,029 | DEBUG | nb objets en RAM : (62, 1, 8)
2023-06-13 17:29:30,029 | INFO | Item : 92 | created_at : 2023-06-02 19:28:19Z
2023-06-13 17:29:30,029 | DEBUG | nb objets en RAM : (62, 1, 8)
2023-06-13 17:29:30,029 | INFO | Item : 93 | created_at : 2023-06-02 19:28:17Z
2023-06-13 17:29:30,030 | DEBUG | nb objets en RAM : (62, 1, 8)
2023-06-13 17:29:30,030 | INFO | Item : 94 | created_at : 2023-06-02 19:28:15Z
2023-06-13 17:29:30,035 | DEBUG | nb objets en RAM : (62, 1, 8)
2023-06-13 17:29:30,035 | INFO | Item : 95 | created_at : 2023-06-02 19:28:13Z
2023-06-13 17:29:30,036 | DEBUG | nb objets en RAM : (62, 1, 8)
2023-06-13 17:29:30,036 | INFO | Item : 96 | created_at : 2023-06-02 19:28:11Z
2023-06-13 17:29:30,037 | DEBUG | nb objets en RAM : (62, 1, 8)
2023-06-13 17:29:30,037 | INFO | Item : 97 | created_at : 2023-06-02 19:28:09Z
2023-06-13 17:29:30,037 | DEBUG | nb objets en RAM : (62, 1, 8)
2023-06-13 17:29:30,068 | DEBUG | request to SC : https://api-v2.soundcloud.com/recent-tracks/acidcore?offset=2023-06-02T19%3A28%3A09.000Z%2Crecent-content-tracks-by-tag%2Csoundcloud%3Atracks%3A1529122102&limit=10&client_id=tyFGpYeFlJG938Pu0R4ibFdtNBkvBkcJ&app_version=1685711325&app_locale=fr
2023-06-13 17:29:30,609 | INFO | Requête : 12 ---------------------------------------------------------------------------------------
2023-06-13 17:29:30,616 | INFO | Item : 98 | created_at : 2023-06-02 19:28:07Z
2023-06-13 17:29:30,616 | DEBUG | nb objets en RAM : (118, 1, 8)
2023-06-13 17:29:30,619 | INFO | Item : 99 | created_at : 2023-06-02 16:34:22Z
2023-06-13 17:29:30,620 | DEBUG | nb objets en RAM : (118, 1, 8)
2023-06-13 17:29:30,620 | INFO | Item : 100 | created_at : 2023-06-02 12:30:39Z
2023-06-13 17:29:30,620 | DEBUG | nb objets en RAM : (118, 1, 8)
2023-06-13 17:29:30,620 | INFO | Item : 101 | created_at : 2023-06-02 11:07:40Z
2023-06-13 17:29:30,620 | DEBUG | nb objets en RAM : (118, 1, 8)
2023-06-13 17:29:30,620 | INFO | Item : 102 | created_at : 2023-06-02 09:11:58Z
2023-06-13 17:29:30,624 | DEBUG | nb objets en RAM : (118, 1, 8)
2023-06-13 17:29:30,624 | INFO | Item : 103 | created_at : 2023-06-01 19:16:03Z
2023-06-13 17:29:30,625 | DEBUG | nb objets en RAM : (118, 1, 8)
2023-06-13 17:29:30,625 | INFO | Item : 104 | created_at : 2023-06-01 17:40:43Z
2023-06-13 17:29:30,627 | DEBUG | nb objets en RAM : (118, 1, 8)
2023-06-13 17:29:30,627 | INFO | Item : 105 | created_at : 2023-06-01 15:10:17Z
2023-06-13 17:29:30,628 | DEBUG | nb objets en RAM : (118, 1, 8)
2023-06-13 17:29:30,637 | DEBUG | request to SC : https://api-v2.soundcloud.com/recent-tracks/acidcore?offset=2023-06-01T15%3A10%3A17.000Z%2Crecent-content-tracks-by-tag%2Csoundcloud%3Atracks%3A1527914683&limit=10&client_id=tyFGpYeFlJG938Pu0R4ibFdtNBkvBkcJ&app_version=1685711325&app_locale=fr
2023-06-13 17:29:30,864 | INFO | Requête : 13 ---------------------------------------------------------------------------------------
2023-06-13 17:29:30,864 | INFO | Item : 106 | created_at : 2023-06-01 13:08:41Z
2023-06-13 17:29:30,864 | DEBUG | nb objets en RAM : (219, 1, 8)
2023-06-13 17:29:30,864 | INFO | Item : 107 | created_at : 2023-06-01 11:49:32Z
2023-06-13 17:29:30,864 | DEBUG | nb objets en RAM : (219, 1, 8)
2023-06-13 17:29:30,864 | INFO | Item : 108 | created_at : 2023-06-01 11:49:31Z
2023-06-13 17:29:30,864 | DEBUG | nb objets en RAM : (219, 1, 8)
2023-06-13 17:29:30,864 | INFO | Item : 109 | created_at : 2023-06-01 10:05:53Z
2023-06-13 17:29:30,864 | DEBUG | nb objets en RAM : (219, 1, 8)
2023-06-13 17:29:30,864 | INFO | Item : 110 | created_at : 2023-06-01 09:37:55Z
2023-06-13 17:29:30,864 | DEBUG | nb objets en RAM : (219, 1, 8)
2023-06-13 17:29:30,864 | INFO | Item : 111 | created_at : 2023-06-01 09:00:34Z
2023-06-13 17:29:30,864 | DEBUG | nb objets en RAM : (219, 1, 8)
2023-06-13 17:29:30,865 | INFO | Item : 112 | created_at : 2023-05-31 18:41:20Z
2023-06-13 17:29:30,865 | DEBUG | nb objets en RAM : (219, 1, 8)
2023-06-13 17:29:30,865 | INFO | Item : 113 | created_at : 2023-05-31 17:51:21Z
2023-06-13 17:29:30,865 | DEBUG | nb objets en RAM : (219, 1, 8)
2023-06-13 17:29:30,865 | INFO | Item : 114 | created_at : 2023-05-31 17:14:55Z
2023-06-13 17:29:30,865 | DEBUG | nb objets en RAM : (219, 1, 8)
2023-06-13 17:29:30,865 | INFO | Item : 115 | created_at : 2023-05-31 17:06:28Z
2023-06-13 17:29:30,865 | DEBUG | nb objets en RAM : (219, 1, 8)
2023-06-13 17:29:30,875 | DEBUG | request to SC : https://api-v2.soundcloud.com/recent-tracks/acidcore?offset=2023-05-31T17%3A06%3A28.000Z%2Crecent-content-tracks-by-tag%2Csoundcloud%3Atracks%3A1527010858&limit=10&client_id=tyFGpYeFlJG938Pu0R4ibFdtNBkvBkcJ&app_version=1685711325&app_locale=fr
2023-06-13 17:29:31,137 | INFO | Requête : 14 ---------------------------------------------------------------------------------------
2023-06-13 17:29:31,138 | INFO | Item : 116 | created_at : 2023-05-31 16:50:46Z
2023-06-13 17:29:31,138 | DEBUG | nb objets en RAM : (289, 1, 8)
2023-06-13 17:29:31,139 | INFO | Item : 117 | created_at : 2023-05-31 15:45:23Z
2023-06-13 17:29:31,139 | DEBUG | nb objets en RAM : (289, 1, 8)
2023-06-13 17:29:31,139 | INFO | Item : 118 | created_at : 2023-05-31 15:31:07Z
2023-06-13 17:29:31,140 | DEBUG | nb objets en RAM : (289, 1, 8)
2023-06-13 17:29:31,140 | INFO | Item : 119 | created_at : 2023-05-31 14:42:23Z
2023-06-13 17:29:31,146 | DEBUG | nb objets en RAM : (289, 1, 8)
2023-06-13 17:29:31,146 | INFO | Item : 120 | created_at : 2023-05-31 11:38:02Z
2023-06-13 17:29:31,154 | DEBUG | nb objets en RAM : (289, 1, 8)
2023-06-13 17:29:31,154 | INFO | Item : 121 | created_at : 2023-05-31 11:32:59Z
2023-06-13 17:29:31,155 | DEBUG | nb objets en RAM : (289, 1, 8)
2023-06-13 17:29:31,155 | INFO | Item : 122 | created_at : 2023-05-31 11:26:52Z
2023-06-13 17:29:31,156 | DEBUG | nb objets en RAM : (289, 1, 8)
2023-06-13 17:29:31,156 | INFO | Item : 123 | created_at : 2023-05-30 23:38:10Z
2023-06-13 17:29:31,156 | DEBUG | nb objets en RAM : (289, 1, 8)
2023-06-13 17:29:31,156 | INFO | Item : 124 | created_at : 2023-05-30 21:18:31Z
2023-06-13 17:29:31,157 | DEBUG | nb objets en RAM : (289, 1, 8)
2023-06-13 17:29:31,157 | INFO | Item : 125 | created_at : 2023-05-30 20:21:23Z
2023-06-13 17:29:31,157 | DEBUG | nb objets en RAM : (289, 1, 8)
2023-06-13 17:29:31,163 | DEBUG | request to SC : https://api-v2.soundcloud.com/recent-tracks/acidcore?offset=2023-05-30T20%3A21%3A23.000Z%2Crecent-content-tracks-by-tag%2Csoundcloud%3Atracks%3A1526281120&limit=10&client_id=tyFGpYeFlJG938Pu0R4ibFdtNBkvBkcJ&app_version=1685711325&app_locale=fr
2023-06-13 17:29:31,440 | INFO | Requête : 15 ---------------------------------------------------------------------------------------
2023-06-13 17:29:31,449 | INFO | Item : 126 | created_at : 2023-05-30 17:19:19Z
2023-06-13 17:29:31,450 | DEBUG | nb objets en RAM : (312, 1, 8)
2023-06-13 17:29:31,450 | INFO | Item : 127 | created_at : 2023-05-30 16:41:21Z
2023-06-13 17:29:31,456 | DEBUG | nb objets en RAM : (312, 1, 8)
2023-06-13 17:29:31,457 | INFO | Item : 128 | created_at : 2023-05-30 15:29:52Z
2023-06-13 17:29:31,457 | DEBUG | nb objets en RAM : (312, 1, 8)
2023-06-13 17:29:31,457 | INFO | Item : 129 | created_at : 2023-05-30 14:50:12Z
2023-06-13 17:29:31,466 | DEBUG | nb objets en RAM : (312, 1, 8)
2023-06-13 17:29:31,466 | INFO | Item : 130 | created_at : 2023-05-30 14:48:11Z
2023-06-13 17:29:31,467 | DEBUG | nb objets en RAM : (312, 1, 8)
2023-06-13 17:29:31,467 | INFO | Item : 131 | created_at : 2023-05-30 14:37:22Z
2023-06-13 17:29:31,468 | DEBUG | nb objets en RAM : (312, 1, 8)
2023-06-13 17:29:31,468 | INFO | Item : 132 | created_at : 2023-05-30 12:27:19Z
2023-06-13 17:29:31,469 | DEBUG | nb objets en RAM : (312, 1, 8)
2023-06-13 17:29:31,477 | DEBUG | request to SC : https://api-v2.soundcloud.com/recent-tracks/acidcore?offset=2023-05-30T11%3A44%3A09.000Z%2Crecent-content-tracks-by-tag%2Csoundcloud%3Atracks%3A1525871236&limit=10&client_id=tyFGpYeFlJG938Pu0R4ibFdtNBkvBkcJ&app_version=1685711325&app_locale=fr
2023-06-13 17:29:31,693 | INFO | Requête : 16 ---------------------------------------------------------------------------------------
2023-06-13 17:29:31,695 | INFO | Item : 133 | created_at : 2023-05-30 06:31:56Z
2023-06-13 17:29:31,696 | DEBUG | nb objets en RAM : (430, 1, 8)
2023-06-13 17:29:31,696 | INFO | Item : 134 | created_at : 2023-05-29 19:24:23Z
2023-06-13 17:29:31,697 | DEBUG | nb objets en RAM : (430, 1, 8)
2023-06-13 17:29:31,697 | INFO | Item : 135 | created_at : 2023-05-29 18:35:55Z
2023-06-13 17:29:31,698 | DEBUG | nb objets en RAM : (430, 1, 8)
2023-06-13 17:29:31,698 | INFO | Item : 136 | created_at : 2023-05-29 16:22:12Z
2023-06-13 17:29:31,698 | DEBUG | nb objets en RAM : (430, 1, 8)
2023-06-13 17:29:31,698 | INFO | Item : 137 | created_at : 2023-05-29 15:01:24Z
2023-06-13 17:29:31,699 | DEBUG | nb objets en RAM : (430, 1, 8)
2023-06-13 17:29:31,699 | INFO | Item : 138 | created_at : 2023-05-29 14:53:36Z
2023-06-13 17:29:31,699 | DEBUG | nb objets en RAM : (430, 1, 8)
2023-06-13 17:29:31,699 | INFO | Item : 139 | created_at : 2023-05-29 14:25:18Z
2023-06-13 17:29:31,700 | DEBUG | nb objets en RAM : (430, 1, 8)
2023-06-13 17:29:31,700 | INFO | Item : 140 | created_at : 2023-05-29 12:55:34Z
2023-06-13 17:29:31,700 | DEBUG | nb objets en RAM : (430, 1, 8)
2023-06-13 17:29:31,700 | INFO | Item : 141 | created_at : 2023-05-29 11:46:43Z
2023-06-13 17:29:31,704 | DEBUG | nb objets en RAM : (430, 1, 8)
2023-06-13 17:29:31,704 | INFO | Item : 142 | created_at : 2023-05-29 11:43:20Z
2023-06-13 17:29:31,705 | DEBUG | nb objets en RAM : (430, 1, 8)
2023-06-13 17:29:31,709 | DEBUG | request to SC : https://api-v2.soundcloud.com/recent-tracks/acidcore?offset=2023-05-29T11%3A43%3A20.000Z%2Crecent-content-tracks-by-tag%2Csoundcloud%3Atracks%3A1525081945&limit=10&client_id=tyFGpYeFlJG938Pu0R4ibFdtNBkvBkcJ&app_version=1685711325&app_locale=fr
2023-06-13 17:29:32,004 | INFO | Requête : 17 ---------------------------------------------------------------------------------------
2023-06-13 17:29:32,005 | INFO | Item : 143 | created_at : 2023-05-29 10:04:57Z
2023-06-13 17:29:32,005 | DEBUG | nb objets en RAM : (453, 1, 8)
2023-06-13 17:29:32,006 | INFO | Item : 144 | created_at : 2023-05-29 10:01:12Z
2023-06-13 17:29:32,006 | DEBUG | nb objets en RAM : (453, 1, 8)
2023-06-13 17:29:32,006 | INFO | Item : 145 | created_at : 2023-05-29 02:18:11Z
2023-06-13 17:29:32,007 | DEBUG | nb objets en RAM : (453, 1, 8)
2023-06-13 17:29:32,007 | INFO | Item : 146 | created_at : 2023-05-28 23:15:25Z
2023-06-13 17:29:32,008 | DEBUG | nb objets en RAM : (453, 1, 8)
2023-06-13 17:29:32,008 | INFO | Item : 147 | created_at : 2023-05-28 22:11:22Z
2023-06-13 17:29:32,008 | DEBUG | nb objets en RAM : (453, 1, 8)
2023-06-13 17:29:32,009 | INFO | Item : 148 | created_at : 2023-05-28 20:36:37Z
2023-06-13 17:29:32,009 | DEBUG | nb objets en RAM : (453, 1, 8)
2023-06-13 17:29:32,009 | INFO | Item : 149 | created_at : 2023-05-28 20:06:02Z
2023-06-13 17:29:32,009 | DEBUG | nb objets en RAM : (453, 1, 8)
2023-06-13 17:29:32,015 | DEBUG | request to SC : https://api-v2.soundcloud.com/recent-tracks/acidcore?offset=2023-05-28T20%3A06%3A02.000Z%2Crecent-content-tracks-by-tag%2Csoundcloud%3Atracks%3A1524691669&limit=10&client_id=tyFGpYeFlJG938Pu0R4ibFdtNBkvBkcJ&app_version=1685711325&app_locale=fr
2023-06-13 17:29:32,235 | INFO | Requête : 18 ---------------------------------------------------------------------------------------
2023-06-13 17:29:32,235 | INFO | Item : 150 | created_at : 2023-05-28 19:05:55Z
2023-06-13 17:29:32,235 | DEBUG | nb objets en RAM : (535, 1, 8)
2023-06-13 17:29:32,235 | INFO | Item : 151 | created_at : 2023-05-28 18:25:24Z
2023-06-13 17:29:32,236 | DEBUG | nb objets en RAM : (535, 1, 8)
2023-06-13 17:29:32,236 | INFO | Item : 152 | created_at : 2023-05-28 13:26:39Z
2023-06-13 17:29:32,236 | DEBUG | nb objets en RAM : (535, 1, 8)
2023-06-13 17:29:32,236 | INFO | Item : 153 | created_at : 2023-05-28 10:59:51Z
2023-06-13 17:29:32,237 | DEBUG | nb objets en RAM : (535, 1, 8)
2023-06-13 17:29:32,237 | INFO | Item : 154 | created_at : 2023-05-28 10:07:14Z
2023-06-13 17:29:32,237 | DEBUG | nb objets en RAM : (535, 1, 8)
2023-06-13 17:29:32,237 | INFO | Item : 155 | created_at : 2023-05-28 00:18:25Z
2023-06-13 17:29:32,237 | DEBUG | nb objets en RAM : (535, 1, 8)
2023-06-13 17:29:32,237 | INFO | Item : 156 | created_at : 2023-05-28 00:15:33Z
2023-06-13 17:29:32,237 | DEBUG | nb objets en RAM : (535, 1, 8)
2023-06-13 17:29:32,237 | INFO | Item : 157 | created_at : 2023-05-27 23:41:02Z
2023-06-13 17:29:32,237 | DEBUG | nb objets en RAM : (535, 1, 8)
2023-06-13 17:29:32,243 | DEBUG | request to SC : https://api-v2.soundcloud.com/recent-tracks/acidcore?offset=2023-05-27T23%3A41%3A02.000Z%2Crecent-content-tracks-by-tag%2Csoundcloud%3Atracks%3A1524249523&limit=10&client_id=tyFGpYeFlJG938Pu0R4ibFdtNBkvBkcJ&app_version=1685711325&app_locale=fr
2023-06-13 17:29:32,555 | INFO | Requête : 19 ---------------------------------------------------------------------------------------
2023-06-13 17:29:32,556 | INFO | Item : 158 | created_at : 2023-05-27 23:31:01Z
2023-06-13 17:29:32,557 | DEBUG | nb objets en RAM : (641, 1, 8)
2023-06-13 17:29:32,557 | INFO | Item : 159 | created_at : 2023-05-27 20:53:35Z
2023-06-13 17:29:32,558 | DEBUG | nb objets en RAM : (641, 1, 8)
2023-06-13 17:29:32,559 | INFO | Item : 160 | created_at : 2023-05-27 20:48:50Z
2023-06-13 17:29:32,560 | DEBUG | nb objets en RAM : (641, 1, 8)
2023-06-13 17:29:32,573 | INFO | Item : 161 | created_at : 2023-05-27 20:34:16Z
2023-06-13 17:29:32,574 | DEBUG | nb objets en RAM : (641, 1, 8)
2023-06-13 17:29:32,574 | INFO | Item : 162 | created_at : 2023-05-27 17:32:14Z
2023-06-13 17:29:32,574 | DEBUG | nb objets en RAM : (641, 1, 8)
2023-06-13 17:29:32,574 | INFO | Item : 163 | created_at : 2023-05-27 16:51:21Z
2023-06-13 17:29:32,575 | DEBUG | nb objets en RAM : (641, 1, 8)
2023-06-13 17:29:32,575 | INFO | Item : 164 | created_at : 2023-05-27 13:06:40Z
2023-06-13 17:29:32,576 | DEBUG | nb objets en RAM : (641, 1, 8)
2023-06-13 17:29:32,576 | INFO | Item : 165 | created_at : 2023-05-27 09:15:39Z
2023-06-13 17:29:32,577 | DEBUG | nb objets en RAM : (641, 1, 8)
2023-06-13 17:29:32,577 | INFO | Item : 166 | created_at : 2023-05-27 01:14:29Z
2023-06-13 17:29:32,578 | DEBUG | nb objets en RAM : (641, 1, 8)
2023-06-13 17:29:32,578 | INFO | Item : 167 | created_at : 2023-05-26 23:08:03Z
2023-06-13 17:29:32,578 | DEBUG | nb objets en RAM : (641, 1, 8)
2023-06-13 17:29:32,603 | DEBUG | request to SC : https://api-v2.soundcloud.com/recent-tracks/acidcore?offset=2023-05-26T23%3A08%3A03.000Z%2Crecent-content-tracks-by-tag%2Csoundcloud%3Atracks%3A1523571697&limit=10&client_id=tyFGpYeFlJG938Pu0R4ibFdtNBkvBkcJ&app_version=1685711325&app_locale=fr
2023-06-13 17:29:32,846 | INFO | Requête : 20 ---------------------------------------------------------------------------------------
2023-06-13 17:29:32,846 | INFO | Item : 168 | created_at : 2023-05-26 15:03:24Z
2023-06-13 17:29:32,846 | DEBUG | nb objets en RAM : (0, 2, 8)
2023-06-13 17:29:32,847 | INFO | Item : 169 | created_at : 2023-05-26 14:52:09Z
2023-06-13 17:29:32,847 | DEBUG | nb objets en RAM : (0, 2, 8)
2023-06-13 17:29:32,847 | INFO | Item : 170 | created_at : 2023-05-26 14:37:53Z
2023-06-13 17:29:32,847 | DEBUG | nb objets en RAM : (0, 2, 8)
2023-06-13 17:29:32,847 | INFO | Item : 171 | created_at : 2023-05-26 14:09:56Z
2023-06-13 17:29:32,848 | DEBUG | nb objets en RAM : (0, 2, 8)
2023-06-13 17:29:32,848 | INFO | Item : 172 | created_at : 2023-05-26 13:44:05Z
2023-06-13 17:29:32,857 | DEBUG | nb objets en RAM : (0, 2, 8)
2023-06-13 17:29:32,857 | INFO | Item : 173 | created_at : 2023-05-26 13:23:24Z
2023-06-13 17:29:32,863 | DEBUG | nb objets en RAM : (0, 2, 8)
2023-06-13 17:29:32,863 | INFO | Item : 174 | created_at : 2023-05-26 12:02:28Z
2023-06-13 17:29:32,863 | DEBUG | nb objets en RAM : (0, 2, 8)
2023-06-13 17:29:32,863 | INFO | Item : 175 | created_at : 2023-05-26 11:35:47Z
2023-06-13 17:29:32,863 | DEBUG | nb objets en RAM : (0, 2, 8)
2023-06-13 17:29:32,868 | DEBUG | request to SC : https://api-v2.soundcloud.com/recent-tracks/acidcore?offset=2023-05-26T11%3A35%3A47.000Z%2Crecent-content-tracks-by-tag%2Csoundcloud%3Atracks%3A1523187481&limit=10&client_id=tyFGpYeFlJG938Pu0R4ibFdtNBkvBkcJ&app_version=1685711325&app_locale=fr
2023-06-13 17:29:33,213 | INFO | Requête : 21 ---------------------------------------------------------------------------------------
2023-06-13 17:29:33,214 | INFO | Item : 176 | created_at : 2023-05-26 08:37:25Z
2023-06-13 17:29:33,215 | DEBUG | nb objets en RAM : (35, 2, 8)
2023-06-13 17:29:33,215 | INFO | Item : 177 | created_at : 2023-05-26 03:15:24Z
2023-06-13 17:29:33,216 | DEBUG | nb objets en RAM : (35, 2, 8)
2023-06-13 17:29:33,216 | INFO | Item : 178 | created_at : 2023-05-25 22:27:40Z
2023-06-13 17:29:33,217 | DEBUG | nb objets en RAM : (35, 2, 8)
2023-06-13 17:29:33,217 | INFO | Item : 179 | created_at : 2023-05-25 22:06:10Z
2023-06-13 17:29:33,218 | DEBUG | nb objets en RAM : (35, 2, 8)
2023-06-13 17:29:33,218 | INFO | Item : 180 | created_at : 2023-05-25 20:01:22Z
2023-06-13 17:29:33,219 | DEBUG | nb objets en RAM : (35, 2, 8)
2023-06-13 17:29:33,219 | INFO | Item : 181 | created_at : 2023-05-25 18:23:39Z
2023-06-13 17:29:33,220 | DEBUG | nb objets en RAM : (35, 2, 8)
2023-06-13 17:29:33,227 | DEBUG | request to SC : https://api-v2.soundcloud.com/recent-tracks/acidcore?offset=2023-05-25T17%3A51%3A20.000Z%2Crecent-content-tracks-by-tag%2Csoundcloud%3Atracks%3A1522598992&limit=10&client_id=tyFGpYeFlJG938Pu0R4ibFdtNBkvBkcJ&app_version=1685711325&app_locale=fr
2023-06-13 17:29:33,459 | INFO | Requête : 22 ---------------------------------------------------------------------------------------
2023-06-13 17:29:33,459 | INFO | Item : 182 | created_at : 2023-05-25 17:47:28Z
2023-06-13 17:29:33,459 | DEBUG | nb objets en RAM : (117, 2, 8)
2023-06-13 17:29:33,459 | INFO | Item : 183 | created_at : 2023-05-25 17:02:17Z
2023-06-13 17:29:33,459 | DEBUG | nb objets en RAM : (117, 2, 8)
2023-06-13 17:29:33,459 | INFO | Item : 184 | created_at : 2023-05-25 15:22:07Z
2023-06-13 17:29:33,459 | DEBUG | nb objets en RAM : (117, 2, 8)
2023-06-13 17:29:33,459 | INFO | Item : 185 | created_at : 2023-05-25 13:36:44Z
2023-06-13 17:29:33,465 | DEBUG | nb objets en RAM : (117, 2, 8)
2023-06-13 17:29:33,465 | INFO | Item : 186 | created_at : 2023-05-25 01:05:47Z
2023-06-13 17:29:33,465 | DEBUG | nb objets en RAM : (117, 2, 8)
2023-06-13 17:29:33,465 | INFO | Item : 187 | created_at : 2023-05-24 22:17:07Z
2023-06-13 17:29:33,465 | DEBUG | nb objets en RAM : (117, 2, 8)
2023-06-13 17:29:33,465 | INFO | Item : 188 | created_at : 2023-05-24 22:11:21Z
2023-06-13 17:29:33,466 | DEBUG | nb objets en RAM : (117, 2, 8)
2023-06-13 17:29:33,474 | DEBUG | request to SC : https://api-v2.soundcloud.com/recent-tracks/acidcore?offset=2023-05-24T22%3A11%3A21.000Z%2Crecent-content-tracks-by-tag%2Csoundcloud%3Atracks%3A1521810736&limit=10&client_id=tyFGpYeFlJG938Pu0R4ibFdtNBkvBkcJ&app_version=1685711325&app_locale=fr
2023-06-13 17:29:33,673 | INFO | Requête : 23 ---------------------------------------------------------------------------------------
2023-06-13 17:29:33,686 | INFO | Item : 189 | created_at : 2023-05-24 21:56:30Z
2023-06-13 17:29:33,688 | DEBUG | nb objets en RAM : (177, 2, 8)
2023-06-13 17:29:33,690 | INFO | Item : 190 | created_at : 2023-05-24 21:13:48Z
2023-06-13 17:29:33,693 | DEBUG | nb objets en RAM : (177, 2, 8)
2023-06-13 17:29:33,694 | INFO | Item : 191 | created_at : 2023-05-24 17:35:49Z
2023-06-13 17:29:33,695 | DEBUG | nb objets en RAM : (177, 2, 8)
2023-06-13 17:29:33,695 | INFO | Item : 192 | created_at : 2023-05-24 16:24:35Z
2023-06-13 17:29:33,696 | DEBUG | nb objets en RAM : (177, 2, 8)
2023-06-13 17:29:33,697 | INFO | Item : 193 | created_at : 2023-05-24 15:02:10Z
2023-06-13 17:29:33,697 | DEBUG | nb objets en RAM : (177, 2, 8)
2023-06-13 17:29:33,698 | INFO | Item : 194 | created_at : 2023-05-24 14:54:29Z
2023-06-13 17:29:33,700 | DEBUG | nb objets en RAM : (177, 2, 8)
2023-06-13 17:29:33,708 | DEBUG | request to SC : https://api-v2.soundcloud.com/recent-tracks/acidcore?offset=2023-05-24T14%3A02%3A07.000Z%2Crecent-content-tracks-by-tag%2Csoundcloud%3Atracks%3A1521462778&limit=10&client_id=tyFGpYeFlJG938Pu0R4ibFdtNBkvBkcJ&app_version=1685711325&app_locale=fr
2023-06-13 17:29:33,925 | INFO | Requête : 24 ---------------------------------------------------------------------------------------
2023-06-13 17:29:33,925 | INFO | Item : 195 | created_at : 2023-05-24 12:34:16Z
2023-06-13 17:29:33,937 | DEBUG | nb objets en RAM : (277, 2, 8)
2023-06-13 17:29:33,937 | INFO | Item : 196 | created_at : 2023-05-24 10:00:21Z
2023-06-13 17:29:33,937 | DEBUG | nb objets en RAM : (277, 2, 8)
2023-06-13 17:29:33,937 | INFO | Item : 197 | created_at : 2023-05-24 09:33:18Z
2023-06-13 17:29:33,937 | DEBUG | nb objets en RAM : (277, 2, 8)
2023-06-13 17:29:33,937 | INFO | Item : 198 | created_at : 2023-05-24 06:23:55Z
2023-06-13 17:29:33,937 | DEBUG | nb objets en RAM : (277, 2, 8)
2023-06-13 17:29:33,937 | INFO | Item : 199 | created_at : 2023-05-24 04:47:55Z
2023-06-13 17:29:33,937 | DEBUG | nb objets en RAM : (277, 2, 8)
2023-06-13 17:29:33,938 | INFO | Item : 200 | created_at : 2023-05-24 04:45:05Z
2023-06-13 17:29:33,938 | DEBUG | nb objets en RAM : (277, 2, 8)
2023-06-13 17:29:33,938 | INFO | Item : 201 | created_at : 2023-05-23 22:15:42Z
2023-06-13 17:29:33,938 | DEBUG | nb objets en RAM : (277, 2, 8)
2023-06-13 17:29:33,938 | INFO | Item : 202 | created_at : 2023-05-23 22:08:03Z
2023-06-13 17:29:33,938 | DEBUG | nb objets en RAM : (277, 2, 8)
2023-06-13 17:29:33,956 | DEBUG | request to SC : https://api-v2.soundcloud.com/recent-tracks/acidcore?offset=2023-05-23T21%3A48%3A34.000Z%2Crecent-content-tracks-by-tag%2Csoundcloud%3Atracks%3A1520903692&limit=10&client_id=tyFGpYeFlJG938Pu0R4ibFdtNBkvBkcJ&app_version=1685711325&app_locale=fr
2023-06-13 17:29:34,508 | INFO | Requête : 25 ---------------------------------------------------------------------------------------
2023-06-13 17:29:34,508 | INFO | Item : 203 | created_at : 2023-05-23 21:00:49Z
2023-06-13 17:29:34,508 | DEBUG | nb objets en RAM : (316, 2, 8)
2023-06-13 17:29:34,509 | INFO | Item : 204 | created_at : 2023-05-23 20:14:03Z
2023-06-13 17:29:34,509 | DEBUG | nb objets en RAM : (316, 2, 8)
2023-06-13 17:29:34,509 | INFO | Item : 205 | created_at : 2023-05-23 19:26:28Z
2023-06-13 17:29:34,509 | DEBUG | nb objets en RAM : (316, 2, 8)
2023-06-13 17:29:34,509 | INFO | Item : 206 | created_at : 2023-05-23 18:42:30Z
2023-06-13 17:29:34,509 | DEBUG | nb objets en RAM : (316, 2, 8)
2023-06-13 17:29:34,509 | INFO | Item : 207 | created_at : 2023-05-23 17:52:10Z
2023-06-13 17:29:34,509 | DEBUG | nb objets en RAM : (316, 2, 8)
2023-06-13 17:29:34,510 | INFO | Item : 208 | created_at : 2023-05-23 15:36:46Z
2023-06-13 17:29:34,510 | DEBUG | nb objets en RAM : (316, 2, 8)
2023-06-13 17:29:34,516 | DEBUG | request to SC : https://api-v2.soundcloud.com/recent-tracks/acidcore?offset=2023-05-23T15%3A36%3A46.000Z%2Crecent-content-tracks-by-tag%2Csoundcloud%3Atracks%3A1520668561&limit=10&client_id=tyFGpYeFlJG938Pu0R4ibFdtNBkvBkcJ&app_version=1685711325&app_locale=fr
2023-06-13 17:29:34,737 | INFO | Requête : 26 ---------------------------------------------------------------------------------------
2023-06-13 17:29:34,737 | INFO | Item : 209 | created_at : 2023-05-23 14:55:58Z
2023-06-13 17:29:34,738 | DEBUG | nb objets en RAM : (433, 2, 8)
2023-06-13 17:29:34,738 | INFO | Item : 210 | created_at : 2023-05-23 12:25:48Z
2023-06-13 17:29:34,755 | DEBUG | nb objets en RAM : (433, 2, 8)
2023-06-13 17:29:34,755 | INFO | Item : 211 | created_at : 2023-05-23 12:16:34Z
2023-06-13 17:29:34,756 | DEBUG | nb objets en RAM : (433, 2, 8)
2023-06-13 17:29:34,756 | INFO | Item : 212 | created_at : 2023-05-23 11:53:57Z
2023-06-13 17:29:34,757 | DEBUG | nb objets en RAM : (433, 2, 8)
2023-06-13 17:29:34,758 | INFO | Item : 213 | created_at : 2023-05-23 09:07:10Z
2023-06-13 17:29:34,758 | DEBUG | nb objets en RAM : (433, 2, 8)
2023-06-13 17:29:34,758 | INFO | Item : 214 | created_at : 2023-05-23 06:26:48Z
2023-06-13 17:29:34,759 | DEBUG | nb objets en RAM : (433, 2, 8)
2023-06-13 17:29:34,759 | INFO | Item : 215 | created_at : 2023-05-22 21:13:07Z
2023-06-13 17:29:34,759 | DEBUG | nb objets en RAM : (433, 2, 8)
2023-06-13 17:29:34,760 | INFO | Item : 216 | created_at : 2023-05-22 19:59:56Z
2023-06-13 17:29:34,761 | DEBUG | nb objets en RAM : (433, 2, 8)
2023-06-13 17:29:34,773 | INFO | Item : 217 | created_at : 2023-05-22 19:50:54Z
2023-06-13 17:29:34,775 | DEBUG | nb objets en RAM : (433, 2, 8)
2023-06-13 17:29:34,783 | DEBUG | request to SC : https://api-v2.soundcloud.com/recent-tracks/acidcore?offset=2023-05-22T19%3A50%3A54.000Z%2Crecent-content-tracks-by-tag%2Csoundcloud%3Atracks%3A1520005870&limit=10&client_id=tyFGpYeFlJG938Pu0R4ibFdtNBkvBkcJ&app_version=1685711325&app_locale=fr
2023-06-13 17:29:35,138 | INFO | Requête : 27 ---------------------------------------------------------------------------------------
2023-06-13 17:29:35,140 | INFO | Item : 218 | created_at : 2023-05-22 17:09:28Z
2023-06-13 17:29:35,140 | DEBUG | nb objets en RAM : (513, 2, 8)
2023-06-13 17:29:35,140 | INFO | Item : 219 | created_at : 2023-05-22 14:07:54Z
2023-06-13 17:29:35,142 | DEBUG | nb objets en RAM : (513, 2, 8)
2023-06-13 17:29:35,145 | INFO | Item : 220 | created_at : 2023-05-22 09:34:10Z
2023-06-13 17:29:35,150 | DEBUG | nb objets en RAM : (513, 2, 8)
2023-06-13 17:29:35,150 | INFO | Item : 221 | created_at : 2023-05-22 07:19:27Z
2023-06-13 17:29:35,154 | DEBUG | nb objets en RAM : (513, 2, 8)
2023-06-13 17:29:35,154 | INFO | Item : 222 | created_at : 2023-05-22 00:45:19Z
2023-06-13 17:29:35,163 | DEBUG | nb objets en RAM : (513, 2, 8)
2023-06-13 17:29:35,164 | INFO | Item : 223 | created_at : 2023-05-21 21:19:14Z
2023-06-13 17:29:35,164 | DEBUG | nb objets en RAM : (513, 2, 8)
2023-06-13 17:29:35,164 | INFO | Item : 224 | created_at : 2023-05-21 14:57:44Z
2023-06-13 17:29:35,165 | DEBUG | nb objets en RAM : (513, 2, 8)
2023-06-13 17:29:35,165 | INFO | Item : 225 | created_at : 2023-05-21 08:16:24Z
2023-06-13 17:29:35,165 | DEBUG | nb objets en RAM : (513, 2, 8)
2023-06-13 17:29:35,165 | INFO | Item : 226 | created_at : 2023-05-21 05:50:38Z
2023-06-13 17:29:35,166 | DEBUG | nb objets en RAM : (513, 2, 8)
2023-06-13 17:29:35,177 | DEBUG | request to SC : https://api-v2.soundcloud.com/recent-tracks/acidcore?offset=2023-05-21T05%3A50%3A38.000Z%2Crecent-content-tracks-by-tag%2Csoundcloud%3Atracks%3A1518865609&limit=10&client_id=tyFGpYeFlJG938Pu0R4ibFdtNBkvBkcJ&app_version=1685711325&app_locale=fr
2023-06-13 17:29:35,414 | INFO | Requête : 28 ---------------------------------------------------------------------------------------
2023-06-13 17:29:35,415 | INFO | Item : 227 | created_at : 2023-05-20 22:04:02Z
2023-06-13 17:29:35,415 | DEBUG | nb objets en RAM : (571, 2, 8)
2023-06-13 17:29:35,415 | INFO | Item : 228 | created_at : 2023-05-20 19:24:49Z
2023-06-13 17:29:35,415 | DEBUG | nb objets en RAM : (571, 2, 8)
2023-06-13 17:29:35,415 | INFO | Item : 229 | created_at : 2023-05-20 18:56:57Z
2023-06-13 17:29:35,415 | DEBUG | nb objets en RAM : (571, 2, 8)
2023-06-13 17:29:35,416 | INFO | Item : 230 | created_at : 2023-05-20 15:52:38Z
2023-06-13 17:29:35,416 | DEBUG | nb objets en RAM : (571, 2, 8)
2023-06-13 17:29:35,416 | INFO | Item : 231 | created_at : 2023-05-20 13:50:09Z
2023-06-13 17:29:35,416 | DEBUG | nb objets en RAM : (571, 2, 8)
2023-06-13 17:29:35,416 | INFO | Item : 232 | created_at : 2023-05-20 12:10:24Z
2023-06-13 17:29:35,416 | DEBUG | nb objets en RAM : (571, 2, 8)
2023-06-13 17:29:35,416 | INFO | Item : 233 | created_at : 2023-05-20 11:33:45Z
2023-06-13 17:29:35,416 | DEBUG | nb objets en RAM : (571, 2, 8)
2023-06-13 17:29:35,416 | INFO | Item : 234 | created_at : 2023-05-19 18:52:32Z
2023-06-13 17:29:35,416 | DEBUG | nb objets en RAM : (571, 2, 8)
2023-06-13 17:29:35,420 | DEBUG | request to SC : https://api-v2.soundcloud.com/recent-tracks/acidcore?offset=2023-05-19T18%3A40%3A48.000Z%2Crecent-content-tracks-by-tag%2Csoundcloud%3Atracks%3A1517913988&limit=10&client_id=tyFGpYeFlJG938Pu0R4ibFdtNBkvBkcJ&app_version=1685711325&app_locale=fr
2023-06-13 17:29:35,708 | INFO | Requête : 29 ---------------------------------------------------------------------------------------
2023-06-13 17:29:35,714 | INFO | Item : 235 | created_at : 2023-05-19 15:16:26Z
2023-06-13 17:29:35,716 | DEBUG | nb objets en RAM : (0, 3, 8)
2023-06-13 17:29:35,716 | INFO | Item : 236 | created_at : 2023-05-19 13:56:33Z
2023-06-13 17:29:35,718 | DEBUG | nb objets en RAM : (0, 3, 8)
2023-06-13 17:29:35,718 | INFO | Item : 237 | created_at : 2023-05-19 09:32:16Z
2023-06-13 17:29:35,719 | DEBUG | nb objets en RAM : (0, 3, 8)
2023-06-13 17:29:35,719 | INFO | Item : 238 | created_at : 2023-05-19 05:42:34Z
2023-06-13 17:29:35,720 | DEBUG | nb objets en RAM : (0, 3, 8)
2023-06-13 17:29:35,720 | INFO | Item : 239 | created_at : 2023-05-19 04:40:02Z
2023-06-13 17:29:35,720 | DEBUG | nb objets en RAM : (0, 3, 8)
2023-06-13 17:29:35,724 | INFO | Item : 240 | created_at : 2023-05-19 04:09:28Z
2023-06-13 17:29:35,725 | DEBUG | nb objets en RAM : (0, 3, 8)
2023-06-13 17:29:35,725 | INFO | Item : 241 | created_at : 2023-05-19 03:01:14Z
2023-06-13 17:29:35,730 | DEBUG | nb objets en RAM : (0, 3, 8)
2023-06-13 17:29:35,730 | INFO | Item : 242 | created_at : 2023-05-18 20:11:38Z
2023-06-13 17:29:35,734 | DEBUG | nb objets en RAM : (0, 3, 8)
2023-06-13 17:29:35,735 | INFO | Item : 243 | created_at : 2023-05-18 19:55:46Z
2023-06-13 17:29:35,735 | DEBUG | nb objets en RAM : (0, 3, 8)
2023-06-13 17:29:35,740 | DEBUG | request to SC : https://api-v2.soundcloud.com/recent-tracks/acidcore?offset=2023-05-18T19%3A55%3A46.000Z%2Crecent-content-tracks-by-tag%2Csoundcloud%3Atracks%3A1517160100&limit=10&client_id=tyFGpYeFlJG938Pu0R4ibFdtNBkvBkcJ&app_version=1685711325&app_locale=fr
2023-06-13 17:29:35,927 | INFO | Requête : 30 ---------------------------------------------------------------------------------------
2023-06-13 17:29:35,929 | INFO | Item : 244 | created_at : 2023-05-18 17:26:14Z
2023-06-13 17:29:35,929 | DEBUG | nb objets en RAM : (26, 3, 8)
2023-06-13 17:29:35,930 | INFO | Item : 245 | created_at : 2023-05-18 16:19:14Z
2023-06-13 17:29:35,930 | DEBUG | nb objets en RAM : (26, 3, 8)
2023-06-13 17:29:35,932 | INFO | Item : 246 | created_at : 2023-05-17 19:46:27Z
2023-06-13 17:29:35,933 | DEBUG | nb objets en RAM : (26, 3, 8)
2023-06-13 17:29:35,933 | INFO | Item : 247 | created_at : 2023-05-17 16:48:31Z
2023-06-13 17:29:35,934 | DEBUG | nb objets en RAM : (26, 3, 8)
2023-06-13 17:29:35,934 | INFO | Item : 248 | created_at : 2023-05-17 15:39:47Z
2023-06-13 17:29:35,935 | DEBUG | nb objets en RAM : (26, 3, 8)
2023-06-13 17:29:35,935 | INFO | Item : 249 | created_at : 2023-05-17 12:57:30Z
2023-06-13 17:29:35,936 | DEBUG | nb objets en RAM : (26, 3, 8)
2023-06-13 17:29:35,936 | INFO | Item : 250 | created_at : 2023-05-17 11:11:24Z
2023-06-13 17:29:35,937 | DEBUG | nb objets en RAM : (26, 3, 8)
2023-06-13 17:29:35,947 | DEBUG | request to SC : https://api-v2.soundcloud.com/recent-tracks/acidcore?offset=2023-05-17T11%3A11%3A24.000Z%2Crecent-content-tracks-by-tag%2Csoundcloud%3Atracks%3A1516014739&limit=10&client_id=tyFGpYeFlJG938Pu0R4ibFdtNBkvBkcJ&app_version=1685711325&app_locale=fr
2023-06-13 17:29:36,425 | INFO | Requête : 31 ---------------------------------------------------------------------------------------
2023-06-13 17:29:36,428 | INFO | Item : 251 | created_at : 2023-05-17 09:11:14Z
2023-06-13 17:29:36,429 | DEBUG | nb objets en RAM : (135, 3, 8)
2023-06-13 17:29:36,429 | INFO | Item : 252 | created_at : 2023-05-17 07:24:03Z
2023-06-13 17:29:36,429 | DEBUG | nb objets en RAM : (135, 3, 8)
2023-06-13 17:29:36,429 | INFO | Item : 253 | created_at : 2023-05-17 00:40:22Z
2023-06-13 17:29:36,429 | DEBUG | nb objets en RAM : (135, 3, 8)
2023-06-13 17:29:36,429 | INFO | Item : 254 | created_at : 2023-05-16 22:57:56Z
2023-06-13 17:29:36,429 | DEBUG | nb objets en RAM : (135, 3, 8)
2023-06-13 17:29:36,429 | INFO | Item : 255 | created_at : 2023-05-16 22:41:24Z
2023-06-13 17:29:36,429 | DEBUG | nb objets en RAM : (135, 3, 8)
2023-06-13 17:29:36,429 | INFO | Item : 256 | created_at : 2023-05-16 18:02:41Z
2023-06-13 17:29:36,430 | DEBUG | nb objets en RAM : (135, 3, 8)
2023-06-13 17:29:36,430 | INFO | Item : 257 | created_at : 2023-05-16 10:37:55Z
2023-06-13 17:29:36,430 | DEBUG | nb objets en RAM : (135, 3, 8)
2023-06-13 17:29:36,430 | INFO | Item : 258 | created_at : 2023-05-15 19:42:40Z
2023-06-13 17:29:36,430 | DEBUG | nb objets en RAM : (135, 3, 8)
2023-06-13 17:29:36,430 | INFO | Item : 259 | created_at : 2023-05-15 14:46:57Z
2023-06-13 17:29:36,430 | DEBUG | nb objets en RAM : (135, 3, 8)
2023-06-13 17:29:36,430 | INFO | Item : 260 | created_at : 2023-05-15 12:13:32Z
2023-06-13 17:29:36,430 | DEBUG | nb objets en RAM : (135, 3, 8)
2023-06-13 17:29:36,439 | DEBUG | request to SC : https://api-v2.soundcloud.com/recent-tracks/acidcore?offset=2023-05-15T12%3A13%3A32.000Z%2Crecent-content-tracks-by-tag%2Csoundcloud%3Atracks%3A1514536597&limit=10&client_id=tyFGpYeFlJG938Pu0R4ibFdtNBkvBkcJ&app_version=1685711325&app_locale=fr
2023-06-13 17:29:36,712 | INFO | Requête : 32 ---------------------------------------------------------------------------------------
2023-06-13 17:29:36,713 | INFO | Item : 261 | created_at : 2023-05-15 09:20:38Z
2023-06-13 17:29:36,713 | DEBUG | nb objets en RAM : (210, 3, 8)
2023-06-13 17:29:36,713 | INFO | Item : 262 | created_at : 2023-05-14 21:25:29Z
2023-06-13 17:29:36,714 | DEBUG | nb objets en RAM : (210, 3, 8)
2023-06-13 17:29:36,714 | INFO | Item : 263 | created_at : 2023-05-14 19:41:48Z
2023-06-13 17:29:36,714 | DEBUG | nb objets en RAM : (210, 3, 8)
2023-06-13 17:29:36,714 | INFO | Item : 264 | created_at : 2023-05-14 17:38:22Z
2023-06-13 17:29:36,714 | DEBUG | nb objets en RAM : (210, 3, 8)
2023-06-13 17:29:36,714 | INFO | Item : 265 | created_at : 2023-05-14 17:03:50Z
2023-06-13 17:29:36,714 | DEBUG | nb objets en RAM : (210, 3, 8)
2023-06-13 17:29:36,714 | INFO | Item : 266 | created_at : 2023-05-14 16:54:18Z
2023-06-13 17:29:36,714 | DEBUG | nb objets en RAM : (210, 3, 8)
2023-06-13 17:29:36,714 | INFO | Item : 267 | created_at : 2023-05-14 10:50:07Z
2023-06-13 17:29:36,715 | DEBUG | nb objets en RAM : (210, 3, 8)
2023-06-13 17:29:36,715 | INFO | Item : 268 | created_at : 2023-05-14 04:04:30Z
2023-06-13 17:29:36,715 | DEBUG | nb objets en RAM : (210, 3, 8)
2023-06-13 17:29:36,715 | INFO | Item : 269 | created_at : 2023-05-14 02:24:02Z
2023-06-13 17:29:36,716 | DEBUG | nb objets en RAM : (210, 3, 8)
2023-06-13 17:29:36,716 | INFO | Item : 270 | created_at : 2023-05-13 23:52:33Z
2023-06-13 17:29:36,716 | DEBUG | nb objets en RAM : (210, 3, 8)
2023-06-13 17:29:36,726 | DEBUG | request to SC : https://api-v2.soundcloud.com/recent-tracks/acidcore?offset=2023-05-13T23%3A52%3A33.000Z%2Crecent-content-tracks-by-tag%2Csoundcloud%3Atracks%3A1513710277&limit=10&client_id=tyFGpYeFlJG938Pu0R4ibFdtNBkvBkcJ&app_version=1685711325&app_locale=fr
2023-06-13 17:29:36,945 | INFO | Requête : 33 ---------------------------------------------------------------------------------------
2023-06-13 17:29:36,945 | INFO | Item : 271 | created_at : 2023-05-13 22:13:46Z
2023-06-13 17:29:36,945 | DEBUG | nb objets en RAM : (271, 3, 8)
2023-06-13 17:29:36,945 | INFO | Item : 272 | created_at : 2023-05-13 18:32:05Z
2023-06-13 17:29:36,946 | DEBUG | nb objets en RAM : (271, 3, 8)
2023-06-13 17:29:36,946 | INFO | Item : 273 | created_at : 2023-05-13 17:36:28Z
2023-06-13 17:29:36,946 | DEBUG | nb objets en RAM : (271, 3, 8)
2023-06-13 17:29:36,946 | INFO | Item : 274 | created_at : 2023-05-13 17:23:22Z
2023-06-13 17:29:36,946 | DEBUG | nb objets en RAM : (271, 3, 8)
2023-06-13 17:29:36,946 | INFO | Item : 275 | created_at : 2023-05-13 17:11:07Z
2023-06-13 17:29:36,946 | DEBUG | nb objets en RAM : (271, 3, 8)
2023-06-13 17:29:36,946 | INFO | Item : 276 | created_at : 2023-05-13 16:17:05Z
2023-06-13 17:29:36,946 | DEBUG | nb objets en RAM : (271, 3, 8)
2023-06-13 17:29:36,946 | INFO | Item : 277 | created_at : 2023-05-13 15:07:10Z
2023-06-13 17:29:36,946 | DEBUG | nb objets en RAM : (271, 3, 8)
2023-06-13 17:29:36,946 | INFO | Item : 278 | created_at : 2023-05-13 13:04:51Z
2023-06-13 17:29:36,946 | DEBUG | nb objets en RAM : (271, 3, 8)
2023-06-13 17:29:36,947 | INFO | Item : 279 | created_at : 2023-05-13 08:36:36Z
2023-06-13 17:29:36,947 | DEBUG | nb objets en RAM : (271, 3, 8)
2023-06-13 17:29:36,953 | INFO | 
2023-06-13 17:29:36,954 | INFO | Fermeture de Chrome...
2023-06-13 17:29:37,030 | INFO | <<FIN EXTRACTION>>
2023-06-13 17:29:37,035 | INFO | 
