2023-04-06 14:27:19,741 <<DEBUT EXTRACTION>>
2023-04-06 14:27:19,741 Ouverture de Chrome...
2023-04-06 14:27:19,741 ====== WebDriver manager ======
2023-04-06 14:27:20,149 Get LATEST chromedriver version for google-chrome 112.0.5615
2023-04-06 14:27:20,625 Driver [C:\Users\Basti\.wdm\drivers\chromedriver\win32\112.0.5615\chromedriver.exe] found in cache
2023-04-06 14:27:23,333 Requête : 1 ---------------------------------------------------------------------------------------
2023-04-06 14:27:23,333 Item : 1
created_at : 2023-04-05 12:19:07Z
2023-04-06 14:27:23,333 Item : 2
created_at : 2023-04-05 10:47:52Z
2023-04-06 14:27:23,333 Item : 3
created_at : 2023-04-05 10:07:58Z
2023-04-06 14:27:23,333 Item : 4
created_at : 2023-04-04 21:54:19Z
2023-04-06 14:27:23,333 Item : 5
created_at : 2023-04-04 18:30:03Z
2023-04-06 14:27:23,333 Item : 6
created_at : 2023-04-04 18:12:07Z
2023-04-06 14:27:23,333 Item : 7
created_at : 2023-04-04 16:25:15Z
2023-04-06 14:27:23,333 Item : 8
created_at : 2023-04-04 16:15:51Z
2023-04-06 14:27:23,333 Item : 9
created_at : 2023-04-04 14:52:36Z
2023-04-06 14:27:23,333 Item : 10
created_at : 2023-04-04 12:46:30Z
2023-04-06 14:27:23,333 
2023-04-06 14:27:23,333 Fermeture de Chrome...
2023-04-06 14:27:25,368 <<FIN EXTRACTION>>
2023-04-06 14:27:25,368 
2023-04-06 14:27:29,444 <<DEBUT TRANSFORMATION>>
2023-04-06 14:27:29,444 Track : 1
 {'title': 'NRTCKL X KELEST X Critical Jack - Gods Of Death (止めてください、やめてください)', 'artist': 'nrtckl #neuroticskull', 'num_abonne': 519, 'date': '2023-04-05 12:19:07Z', 'num_likes': 23, 'num_comments': 5, 'num_streams': 131, 'main_tag': 'Acidcore', 'taglist': 'acid,core,raw,acidraw,deathnote,500followers,mental,yamete,kudasai,yametekudasai,trio,special,ableton,flstudio,160bpm'}
2023-04-06 14:27:29,444 Track : 2
 {'title': 'Jikaoni - Time', 'artist': 'j-uan 👹', 'num_abonne': 79, 'date': '2023-04-05 10:47:52Z', 'num_likes': 14, 'num_comments': 1, 'num_streams': 48, 'main_tag': 'darkcore', 'taglist': 'tekno,mentalcore,acidcore,dark,darktekno,darkcore'}
2023-04-06 14:27:29,444 Track : 3
 {'title': 'Here We Go Again (w/ Viruks)', 'artist': 'neofx', 'num_abonne': 2400, 'date': '2023-04-05 10:07:58Z', 'num_likes': 76, 'num_comments': 29, 'num_streams': 417, 'main_tag': 'Neorave', 'taglist': 'trance,acid,acidcore,hardtrance,tekno,303'}
2023-04-06 14:27:29,444 Track : 4
 {'title': 'MIKROCORE & OUDEE - End', 'artist': 'mikrocore', 'num_abonne': 1505, 'date': '2023-04-04 21:54:19Z', 'num_likes': 4, 'num_comments': 0, 'num_streams': 41, 'main_tag': 'Acidcore', 'taglist': 'mikrocore,oudee,acidcore,end,techno,tekno,hardtek,23,humbuk,bass,subbass'}
2023-04-06 14:27:29,444 Track : 5
 {'title': '#2 UP TO 150 [ACIDCORE]', 'artist': 'mazx', 'num_abonne': 42, 'date': '2023-04-04 18:30:03Z', 'num_likes': 9, 'num_comments': 2, 'num_streams': 44, 'main_tag': 'ACIDCORE', 'taglist': 'null'}
2023-04-06 14:27:29,444 Track : 6
 {'title': 'Aÿcïd - Withdrawal', 'artist': 'aÿcïd', 'num_abonne': 414, 'date': '2023-04-04 18:12:07Z', 'num_likes': 17, 'num_comments': 1, 'num_streams': 140, 'main_tag': 'Acidcore', 'taglist': 'acidcore,acid,core,tekno,techno,909,303'}
2023-04-06 14:27:29,445 Track : 7
 {'title': 'Bouffe Bien Ton Aigu', 'artist': 'for real bro ?', 'num_abonne': 2, 'date': '2023-04-04 16:25:15Z', 'num_likes': 2, 'num_comments': 0, 'num_streams': 11, 'main_tag': 'null', 'taglist': 'acidcore,acid,tekno'}
2023-04-06 14:27:29,445 Track : 8
 {'title': 'Acidcore mélodique chelou', 'artist': 'for real bro ?', 'num_abonne': 2, 'date': '2023-04-04 16:15:51Z', 'num_likes': 0, 'num_comments': 0, 'num_streams': 15, 'main_tag': 'null', 'taglist': 'skone,acidcore,art,outra,tekno'}
2023-04-06 14:27:29,445 Track : 9
 {'title': 'Acidicles', 'artist': 'hugezy', 'num_abonne': 59, 'date': '2023-04-04 14:52:36Z', 'num_likes': 16, 'num_comments': 8, 'num_streams': 54, 'main_tag': 'acidtech', 'taglist': 'techno,acid,acidcore,breakbeat,breakcore,jungle,dnb,drum,&,bass,house,acid,punk,hardtechno,hardcore,techno,hardstyle,hardcore'}
2023-04-06 14:27:29,445 Track : 10
 {'title': 'Xiopy - ATMT Mind Flayer', 'artist': 'xiopy', 'num_abonne': 47, 'date': '2023-04-04 12:46:30Z', 'num_likes': 2, 'num_comments': 0, 'num_streams': 24, 'main_tag': 'null', 'taglist': 'acid,techno,rave,teuf,acidtechno,mental,tribe,mentaltrib,tek,tekno,acidcore,acidtribe'}
2023-04-06 14:27:29,445 Nb de requête : 10
2023-04-06 14:27:29,445 
2023-04-06 14:27:29,445 <<FIN TRANSFORMATION>>
2023-04-06 14:27:29,445 
2023-04-06 14:27:29,445 <<DEBUT LOADING>>
2023-04-06 14:27:29,445 
2023-04-06 14:27:29,488 Connexion à la base de données établie !
2023-04-06 14:27:29,488 
2023-04-06 14:27:29,489 Requête de préparation pour le tag Null : INSERT INTO public.tags(tag_name) VALUES ('null') ON CONFLICT DO NOTHING;
2023-04-06 14:27:29,489 
2023-04-06 14:27:29,489 DEBUT REQUÊTES INSERTION
2023-04-06 14:27:29,489 
2023-04-06 14:27:29,489 Requête 0 artiste : INSERT INTO public.artists(artist_name,num_sub) VALUES ('nrtckl #neuroticskull','519') ON CONFLICT DO NOTHING;
2023-04-06 14:27:29,489 
2023-04-06 14:27:29,489 Requête 0 tag : INSERT INTO public.tags(tag_name) VALUES ('acidcore') ON CONFLICT DO NOTHING;
2023-04-06 14:27:29,489 
2023-04-06 14:27:29,489 Requête 0 tag : INSERT INTO public.tags(tag_name) VALUES ('acid') ON CONFLICT DO NOTHING;
2023-04-06 14:27:29,489 
2023-04-06 14:27:29,489 Requête 0 tag : INSERT INTO public.tags(tag_name) VALUES ('core') ON CONFLICT DO NOTHING;
2023-04-06 14:27:29,490 
2023-04-06 14:27:29,490 Requête 0 tag : INSERT INTO public.tags(tag_name) VALUES ('raw') ON CONFLICT DO NOTHING;
2023-04-06 14:27:29,490 
2023-04-06 14:27:29,490 Requête 0 tag : INSERT INTO public.tags(tag_name) VALUES ('acidraw') ON CONFLICT DO NOTHING;
2023-04-06 14:27:29,490 
2023-04-06 14:27:29,490 Requête 0 tag : INSERT INTO public.tags(tag_name) VALUES ('deathnote') ON CONFLICT DO NOTHING;
2023-04-06 14:27:29,490 
2023-04-06 14:27:29,490 Requête 0 tag : INSERT INTO public.tags(tag_name) VALUES ('500followers') ON CONFLICT DO NOTHING;
2023-04-06 14:27:29,491 
2023-04-06 14:27:29,491 Requête 0 tag : INSERT INTO public.tags(tag_name) VALUES ('mental') ON CONFLICT DO NOTHING;
2023-04-06 14:27:29,491 
2023-04-06 14:27:29,491 Requête 0 tag : INSERT INTO public.tags(tag_name) VALUES ('yamete') ON CONFLICT DO NOTHING;
2023-04-06 14:27:29,491 
2023-04-06 14:27:29,491 Requête 0 tag : INSERT INTO public.tags(tag_name) VALUES ('kudasai') ON CONFLICT DO NOTHING;
2023-04-06 14:27:29,491 
2023-04-06 14:27:29,491 Requête 0 tag : INSERT INTO public.tags(tag_name) VALUES ('yametekudasai') ON CONFLICT DO NOTHING;
2023-04-06 14:27:29,492 
2023-04-06 14:27:29,492 Requête 0 tag : INSERT INTO public.tags(tag_name) VALUES ('trio') ON CONFLICT DO NOTHING;
2023-04-06 14:27:29,492 
2023-04-06 14:27:29,492 Requête 0 tag : INSERT INTO public.tags(tag_name) VALUES ('special') ON CONFLICT DO NOTHING;
2023-04-06 14:27:29,492 
2023-04-06 14:27:29,492 Requête 0 tag : INSERT INTO public.tags(tag_name) VALUES ('ableton') ON CONFLICT DO NOTHING;
2023-04-06 14:27:29,492 
2023-04-06 14:27:29,492 Requête 0 tag : INSERT INTO public.tags(tag_name) VALUES ('flstudio') ON CONFLICT DO NOTHING;
2023-04-06 14:27:29,492 
2023-04-06 14:27:29,492 Requête 0 tag : INSERT INTO public.tags(tag_name) VALUES ('160bpm') ON CONFLICT DO NOTHING;
2023-04-06 14:27:29,493 
2023-04-06 14:27:29,493 Requête 0 track : INSERT INTO public.tracks(title,artists_id,datep,num_likes,num_comments,num_streams,maintag) VALUES ('NRTCKL X KELEST X Critical Jack - Gods Of Death (止めてください、やめてください)',(SELECT artists_id FROM public.artists WHERE artist_name = 'nrtckl #neuroticskull'),'2023-04-05 12:19:07Z','23','5','131',(SELECT tags_id FROM public.tags WHERE tag_name = 'acidcore')) ON CONFLICT (title) DO UPDATE SET num_likes = '23', num_comments = '5', num_streams = '131' WHERE tracks.title = 'NRTCKL X KELEST X Critical Jack - Gods Of Death (止めてください、やめてください)';
2023-04-06 14:27:29,493 
2023-04-06 14:27:29,496 Requête 0 tracks_artists : INSERT INTO public.tracks_artists(tracks_id,artists_id) VALUES ((SELECT tracks_id FROM tracks WHERE title = 'NRTCKL X KELEST X Critical Jack - Gods Of Death (止めてください、やめてください)'),(SELECT artists_id FROM artists WHERE artist_name = 'nrtckl #neuroticskull')) ON CONFLICT DO NOTHING;
2023-04-06 14:27:29,499 
2023-04-06 14:27:29,499 Requête 0 tracks_tags : INSERT INTO public.tracks_tags(tracks_id,tags_id) VALUES ((SELECT tracks_id FROM tracks WHERE title = 'NRTCKL X KELEST X Critical Jack - Gods Of Death (止めてください、やめてください)'),(SELECT tags_id FROM tags WHERE tag_name = 'acid')) ON CONFLICT DO NOTHING;
2023-04-06 14:27:29,499 
2023-04-06 14:27:29,500 Requête 0 tracks_tags : INSERT INTO public.tracks_tags(tracks_id,tags_id) VALUES ((SELECT tracks_id FROM tracks WHERE title = 'NRTCKL X KELEST X Critical Jack - Gods Of Death (止めてください、やめてください)'),(SELECT tags_id FROM tags WHERE tag_name = 'core')) ON CONFLICT DO NOTHING;
2023-04-06 14:27:29,500 
2023-04-06 14:27:29,500 Requête 0 tracks_tags : INSERT INTO public.tracks_tags(tracks_id,tags_id) VALUES ((SELECT tracks_id FROM tracks WHERE title = 'NRTCKL X KELEST X Critical Jack - Gods Of Death (止めてください、やめてください)'),(SELECT tags_id FROM tags WHERE tag_name = 'raw')) ON CONFLICT DO NOTHING;
2023-04-06 14:27:29,500 
2023-04-06 14:27:29,501 Requête 0 tracks_tags : INSERT INTO public.tracks_tags(tracks_id,tags_id) VALUES ((SELECT tracks_id FROM tracks WHERE title = 'NRTCKL X KELEST X Critical Jack - Gods Of Death (止めてください、やめてください)'),(SELECT tags_id FROM tags WHERE tag_name = 'acidraw')) ON CONFLICT DO NOTHING;
2023-04-06 14:27:29,501 
2023-04-06 14:27:29,501 Requête 0 tracks_tags : INSERT INTO public.tracks_tags(tracks_id,tags_id) VALUES ((SELECT tracks_id FROM tracks WHERE title = 'NRTCKL X KELEST X Critical Jack - Gods Of Death (止めてください、やめてください)'),(SELECT tags_id FROM tags WHERE tag_name = 'deathnote')) ON CONFLICT DO NOTHING;
2023-04-06 14:27:29,501 
2023-04-06 14:27:29,501 Requête 0 tracks_tags : INSERT INTO public.tracks_tags(tracks_id,tags_id) VALUES ((SELECT tracks_id FROM tracks WHERE title = 'NRTCKL X KELEST X Critical Jack - Gods Of Death (止めてください、やめてください)'),(SELECT tags_id FROM tags WHERE tag_name = '500followers')) ON CONFLICT DO NOTHING;
2023-04-06 14:27:29,501 
2023-04-06 14:27:29,501 Requête 0 tracks_tags : INSERT INTO public.tracks_tags(tracks_id,tags_id) VALUES ((SELECT tracks_id FROM tracks WHERE title = 'NRTCKL X KELEST X Critical Jack - Gods Of Death (止めてください、やめてください)'),(SELECT tags_id FROM tags WHERE tag_name = 'mental')) ON CONFLICT DO NOTHING;
2023-04-06 14:27:29,502 
2023-04-06 14:27:29,502 Requête 0 tracks_tags : INSERT INTO public.tracks_tags(tracks_id,tags_id) VALUES ((SELECT tracks_id FROM tracks WHERE title = 'NRTCKL X KELEST X Critical Jack - Gods Of Death (止めてください、やめてください)'),(SELECT tags_id FROM tags WHERE tag_name = 'yamete')) ON CONFLICT DO NOTHING;
2023-04-06 14:27:29,502 
2023-04-06 14:27:29,502 Requête 0 tracks_tags : INSERT INTO public.tracks_tags(tracks_id,tags_id) VALUES ((SELECT tracks_id FROM tracks WHERE title = 'NRTCKL X KELEST X Critical Jack - Gods Of Death (止めてください、やめてください)'),(SELECT tags_id FROM tags WHERE tag_name = 'kudasai')) ON CONFLICT DO NOTHING;
2023-04-06 14:27:29,502 
2023-04-06 14:27:29,502 Requête 0 tracks_tags : INSERT INTO public.tracks_tags(tracks_id,tags_id) VALUES ((SELECT tracks_id FROM tracks WHERE title = 'NRTCKL X KELEST X Critical Jack - Gods Of Death (止めてください、やめてください)'),(SELECT tags_id FROM tags WHERE tag_name = 'yametekudasai')) ON CONFLICT DO NOTHING;
2023-04-06 14:27:29,502 
2023-04-06 14:27:29,503 Requête 0 tracks_tags : INSERT INTO public.tracks_tags(tracks_id,tags_id) VALUES ((SELECT tracks_id FROM tracks WHERE title = 'NRTCKL X KELEST X Critical Jack - Gods Of Death (止めてください、やめてください)'),(SELECT tags_id FROM tags WHERE tag_name = 'trio')) ON CONFLICT DO NOTHING;
2023-04-06 14:27:29,503 
2023-04-06 14:27:29,503 Requête 0 tracks_tags : INSERT INTO public.tracks_tags(tracks_id,tags_id) VALUES ((SELECT tracks_id FROM tracks WHERE title = 'NRTCKL X KELEST X Critical Jack - Gods Of Death (止めてください、やめてください)'),(SELECT tags_id FROM tags WHERE tag_name = 'special')) ON CONFLICT DO NOTHING;
2023-04-06 14:27:29,503 
2023-04-06 14:27:29,503 Requête 0 tracks_tags : INSERT INTO public.tracks_tags(tracks_id,tags_id) VALUES ((SELECT tracks_id FROM tracks WHERE title = 'NRTCKL X KELEST X Critical Jack - Gods Of Death (止めてください、やめてください)'),(SELECT tags_id FROM tags WHERE tag_name = 'ableton')) ON CONFLICT DO NOTHING;
2023-04-06 14:27:29,503 
2023-04-06 14:27:29,504 Requête 0 tracks_tags : INSERT INTO public.tracks_tags(tracks_id,tags_id) VALUES ((SELECT tracks_id FROM tracks WHERE title = 'NRTCKL X KELEST X Critical Jack - Gods Of Death (止めてください、やめてください)'),(SELECT tags_id FROM tags WHERE tag_name = 'flstudio')) ON CONFLICT DO NOTHING;
2023-04-06 14:27:29,504 
2023-04-06 14:27:29,504 Requête 0 tracks_tags : INSERT INTO public.tracks_tags(tracks_id,tags_id) VALUES ((SELECT tracks_id FROM tracks WHERE title = 'NRTCKL X KELEST X Critical Jack - Gods Of Death (止めてください、やめてください)'),(SELECT tags_id FROM tags WHERE tag_name = '160bpm')) ON CONFLICT DO NOTHING;
2023-04-06 14:27:29,504 
2023-04-06 14:27:29,505 Commit
2023-04-06 14:27:29,505 
2023-04-06 14:27:29,505 Requête 1 artiste : INSERT INTO public.artists(artist_name,num_sub) VALUES ('j-uan 👹','79') ON CONFLICT DO NOTHING;
2023-04-06 14:27:29,505 
2023-04-06 14:27:29,506 Requête 1 tag : INSERT INTO public.tags(tag_name) VALUES ('darkcore') ON CONFLICT DO NOTHING;
2023-04-06 14:27:29,506 
2023-04-06 14:27:29,506 Requête 1 tag : INSERT INTO public.tags(tag_name) VALUES ('tekno') ON CONFLICT DO NOTHING;
2023-04-06 14:27:29,506 
2023-04-06 14:27:29,506 Requête 1 tag : INSERT INTO public.tags(tag_name) VALUES ('mentalcore') ON CONFLICT DO NOTHING;
2023-04-06 14:27:29,506 
2023-04-06 14:27:29,506 Requête 1 tag : INSERT INTO public.tags(tag_name) VALUES ('acidcore') ON CONFLICT DO NOTHING;
2023-04-06 14:27:29,506 
2023-04-06 14:27:29,506 Requête 1 tag : INSERT INTO public.tags(tag_name) VALUES ('dark') ON CONFLICT DO NOTHING;
2023-04-06 14:27:29,507 
2023-04-06 14:27:29,507 Requête 1 tag : INSERT INTO public.tags(tag_name) VALUES ('darktekno') ON CONFLICT DO NOTHING;
2023-04-06 14:27:29,507 
2023-04-06 14:27:29,507 Requête 1 tag : INSERT INTO public.tags(tag_name) VALUES ('darkcore') ON CONFLICT DO NOTHING;
2023-04-06 14:27:29,507 
2023-04-06 14:27:29,507 Requête 1 track : INSERT INTO public.tracks(title,artists_id,datep,num_likes,num_comments,num_streams,maintag) VALUES ('Jikaoni - Time',(SELECT artists_id FROM public.artists WHERE artist_name = 'j-uan 👹'),'2023-04-05 10:47:52Z','14','1','48',(SELECT tags_id FROM public.tags WHERE tag_name = 'darkcore')) ON CONFLICT (title) DO UPDATE SET num_likes = '14', num_comments = '1', num_streams = '48' WHERE tracks.title = 'Jikaoni - Time';
2023-04-06 14:27:29,507 
2023-04-06 14:27:29,508 Requête 1 tracks_artists : INSERT INTO public.tracks_artists(tracks_id,artists_id) VALUES ((SELECT tracks_id FROM tracks WHERE title = 'Jikaoni - Time'),(SELECT artists_id FROM artists WHERE artist_name = 'j-uan 👹')) ON CONFLICT DO NOTHING;
2023-04-06 14:27:29,508 
2023-04-06 14:27:29,508 Requête 1 tracks_tags : INSERT INTO public.tracks_tags(tracks_id,tags_id) VALUES ((SELECT tracks_id FROM tracks WHERE title = 'Jikaoni - Time'),(SELECT tags_id FROM tags WHERE tag_name = 'tekno')) ON CONFLICT DO NOTHING;
2023-04-06 14:27:29,508 
2023-04-06 14:27:29,508 Requête 1 tracks_tags : INSERT INTO public.tracks_tags(tracks_id,tags_id) VALUES ((SELECT tracks_id FROM tracks WHERE title = 'Jikaoni - Time'),(SELECT tags_id FROM tags WHERE tag_name = 'mentalcore')) ON CONFLICT DO NOTHING;
2023-04-06 14:27:29,508 
2023-04-06 14:27:29,508 Requête 1 tracks_tags : INSERT INTO public.tracks_tags(tracks_id,tags_id) VALUES ((SELECT tracks_id FROM tracks WHERE title = 'Jikaoni - Time'),(SELECT tags_id FROM tags WHERE tag_name = 'acidcore')) ON CONFLICT DO NOTHING;
2023-04-06 14:27:29,508 
2023-04-06 14:27:29,508 Requête 1 tracks_tags : INSERT INTO public.tracks_tags(tracks_id,tags_id) VALUES ((SELECT tracks_id FROM tracks WHERE title = 'Jikaoni - Time'),(SELECT tags_id FROM tags WHERE tag_name = 'dark')) ON CONFLICT DO NOTHING;
2023-04-06 14:27:29,508 
2023-04-06 14:27:29,508 Requête 1 tracks_tags : INSERT INTO public.tracks_tags(tracks_id,tags_id) VALUES ((SELECT tracks_id FROM tracks WHERE title = 'Jikaoni - Time'),(SELECT tags_id FROM tags WHERE tag_name = 'darktekno')) ON CONFLICT DO NOTHING;
2023-04-06 14:27:29,508 
2023-04-06 14:27:29,509 Requête 1 tracks_tags : INSERT INTO public.tracks_tags(tracks_id,tags_id) VALUES ((SELECT tracks_id FROM tracks WHERE title = 'Jikaoni - Time'),(SELECT tags_id FROM tags WHERE tag_name = 'darkcore')) ON CONFLICT DO NOTHING;
2023-04-06 14:27:29,509 
2023-04-06 14:27:29,509 Commit
2023-04-06 14:27:29,509 
2023-04-06 14:27:29,510 Requête 2 artiste : INSERT INTO public.artists(artist_name,num_sub) VALUES ('neofx','2400') ON CONFLICT DO NOTHING;
2023-04-06 14:27:29,510 
2023-04-06 14:27:29,510 Requête 2 tag : INSERT INTO public.tags(tag_name) VALUES ('neorave') ON CONFLICT DO NOTHING;
2023-04-06 14:27:29,510 
2023-04-06 14:27:29,510 Requête 2 tag : INSERT INTO public.tags(tag_name) VALUES ('trance') ON CONFLICT DO NOTHING;
2023-04-06 14:27:29,510 
2023-04-06 14:27:29,510 Requête 2 tag : INSERT INTO public.tags(tag_name) VALUES ('acid') ON CONFLICT DO NOTHING;
2023-04-06 14:27:29,510 
2023-04-06 14:27:29,510 Requête 2 tag : INSERT INTO public.tags(tag_name) VALUES ('acidcore') ON CONFLICT DO NOTHING;
2023-04-06 14:27:29,510 
2023-04-06 14:27:29,511 Requête 2 tag : INSERT INTO public.tags(tag_name) VALUES ('hardtrance') ON CONFLICT DO NOTHING;
2023-04-06 14:27:29,511 
2023-04-06 14:27:29,511 Requête 2 tag : INSERT INTO public.tags(tag_name) VALUES ('tekno') ON CONFLICT DO NOTHING;
2023-04-06 14:27:29,511 
2023-04-06 14:27:29,511 Requête 2 tag : INSERT INTO public.tags(tag_name) VALUES ('303') ON CONFLICT DO NOTHING;
2023-04-06 14:27:29,511 
2023-04-06 14:27:29,511 Requête 2 track : INSERT INTO public.tracks(title,artists_id,datep,num_likes,num_comments,num_streams,maintag) VALUES ('Here We Go Again (w/ Viruks)',(SELECT artists_id FROM public.artists WHERE artist_name = 'neofx'),'2023-04-05 10:07:58Z','76','29','417',(SELECT tags_id FROM public.tags WHERE tag_name = 'neorave')) ON CONFLICT (title) DO UPDATE SET num_likes = '76', num_comments = '29', num_streams = '417' WHERE tracks.title = 'Here We Go Again (w/ Viruks)';
2023-04-06 14:27:29,511 
2023-04-06 14:27:29,512 Requête 2 tracks_artists : INSERT INTO public.tracks_artists(tracks_id,artists_id) VALUES ((SELECT tracks_id FROM tracks WHERE title = 'Here We Go Again (w/ Viruks)'),(SELECT artists_id FROM artists WHERE artist_name = 'neofx')) ON CONFLICT DO NOTHING;
2023-04-06 14:27:29,512 
2023-04-06 14:27:29,512 Requête 2 tracks_tags : INSERT INTO public.tracks_tags(tracks_id,tags_id) VALUES ((SELECT tracks_id FROM tracks WHERE title = 'Here We Go Again (w/ Viruks)'),(SELECT tags_id FROM tags WHERE tag_name = 'trance')) ON CONFLICT DO NOTHING;
2023-04-06 14:27:29,512 
2023-04-06 14:27:29,512 Requête 2 tracks_tags : INSERT INTO public.tracks_tags(tracks_id,tags_id) VALUES ((SELECT tracks_id FROM tracks WHERE title = 'Here We Go Again (w/ Viruks)'),(SELECT tags_id FROM tags WHERE tag_name = 'acid')) ON CONFLICT DO NOTHING;
2023-04-06 14:27:29,512 
2023-04-06 14:27:29,512 Requête 2 tracks_tags : INSERT INTO public.tracks_tags(tracks_id,tags_id) VALUES ((SELECT tracks_id FROM tracks WHERE title = 'Here We Go Again (w/ Viruks)'),(SELECT tags_id FROM tags WHERE tag_name = 'acidcore')) ON CONFLICT DO NOTHING;
2023-04-06 14:27:29,512 
2023-04-06 14:27:29,513 Requête 2 tracks_tags : INSERT INTO public.tracks_tags(tracks_id,tags_id) VALUES ((SELECT tracks_id FROM tracks WHERE title = 'Here We Go Again (w/ Viruks)'),(SELECT tags_id FROM tags WHERE tag_name = 'hardtrance')) ON CONFLICT DO NOTHING;
2023-04-06 14:27:29,513 
2023-04-06 14:27:29,513 Requête 2 tracks_tags : INSERT INTO public.tracks_tags(tracks_id,tags_id) VALUES ((SELECT tracks_id FROM tracks WHERE title = 'Here We Go Again (w/ Viruks)'),(SELECT tags_id FROM tags WHERE tag_name = 'tekno')) ON CONFLICT DO NOTHING;
2023-04-06 14:27:29,513 
2023-04-06 14:27:29,513 Requête 2 tracks_tags : INSERT INTO public.tracks_tags(tracks_id,tags_id) VALUES ((SELECT tracks_id FROM tracks WHERE title = 'Here We Go Again (w/ Viruks)'),(SELECT tags_id FROM tags WHERE tag_name = '303')) ON CONFLICT DO NOTHING;
2023-04-06 14:27:29,513 
2023-04-06 14:27:29,514 Commit
2023-04-06 14:27:29,514 
2023-04-06 14:27:29,514 Requête 3 artiste : INSERT INTO public.artists(artist_name,num_sub) VALUES ('mikrocore','1505') ON CONFLICT DO NOTHING;
2023-04-06 14:27:29,514 
2023-04-06 14:27:29,514 Requête 3 tag : INSERT INTO public.tags(tag_name) VALUES ('acidcore') ON CONFLICT DO NOTHING;
2023-04-06 14:27:29,514 
2023-04-06 14:27:29,514 Requête 3 tag : INSERT INTO public.tags(tag_name) VALUES ('mikrocore') ON CONFLICT DO NOTHING;
2023-04-06 14:27:29,515 
2023-04-06 14:27:29,515 Requête 3 tag : INSERT INTO public.tags(tag_name) VALUES ('oudee') ON CONFLICT DO NOTHING;
2023-04-06 14:27:29,515 
2023-04-06 14:27:29,515 Requête 3 tag : INSERT INTO public.tags(tag_name) VALUES ('acidcore') ON CONFLICT DO NOTHING;
2023-04-06 14:27:29,515 
2023-04-06 14:27:29,515 Requête 3 tag : INSERT INTO public.tags(tag_name) VALUES ('end') ON CONFLICT DO NOTHING;
2023-04-06 14:27:29,515 
2023-04-06 14:27:29,515 Requête 3 tag : INSERT INTO public.tags(tag_name) VALUES ('techno') ON CONFLICT DO NOTHING;
2023-04-06 14:27:29,516 
2023-04-06 14:27:29,516 Requête 3 tag : INSERT INTO public.tags(tag_name) VALUES ('tekno') ON CONFLICT DO NOTHING;
2023-04-06 14:27:29,516 
2023-04-06 14:27:29,516 Requête 3 tag : INSERT INTO public.tags(tag_name) VALUES ('hardtek') ON CONFLICT DO NOTHING;
2023-04-06 14:27:29,516 
2023-04-06 14:27:29,516 Requête 3 tag : INSERT INTO public.tags(tag_name) VALUES ('23') ON CONFLICT DO NOTHING;
2023-04-06 14:27:29,516 
2023-04-06 14:27:29,516 Requête 3 tag : INSERT INTO public.tags(tag_name) VALUES ('humbuk') ON CONFLICT DO NOTHING;
2023-04-06 14:27:29,516 
2023-04-06 14:27:29,516 Requête 3 tag : INSERT INTO public.tags(tag_name) VALUES ('bass') ON CONFLICT DO NOTHING;
2023-04-06 14:27:29,516 
2023-04-06 14:27:29,516 Requête 3 tag : INSERT INTO public.tags(tag_name) VALUES ('subbass') ON CONFLICT DO NOTHING;
2023-04-06 14:27:29,516 
2023-04-06 14:27:29,518 Requête 3 track : INSERT INTO public.tracks(title,artists_id,datep,num_likes,num_comments,num_streams,maintag) VALUES ('MIKROCORE & OUDEE - End',(SELECT artists_id FROM public.artists WHERE artist_name = 'mikrocore'),'2023-04-04 21:54:19Z','4','0','41',(SELECT tags_id FROM public.tags WHERE tag_name = 'acidcore')) ON CONFLICT (title) DO UPDATE SET num_likes = '4', num_comments = '0', num_streams = '41' WHERE tracks.title = 'MIKROCORE & OUDEE - End';
2023-04-06 14:27:29,518 
2023-04-06 14:27:29,518 Requête 3 tracks_artists : INSERT INTO public.tracks_artists(tracks_id,artists_id) VALUES ((SELECT tracks_id FROM tracks WHERE title = 'MIKROCORE & OUDEE - End'),(SELECT artists_id FROM artists WHERE artist_name = 'mikrocore')) ON CONFLICT DO NOTHING;
2023-04-06 14:27:29,518 
2023-04-06 14:27:29,518 Requête 3 tracks_tags : INSERT INTO public.tracks_tags(tracks_id,tags_id) VALUES ((SELECT tracks_id FROM tracks WHERE title = 'MIKROCORE & OUDEE - End'),(SELECT tags_id FROM tags WHERE tag_name = 'mikrocore')) ON CONFLICT DO NOTHING;
2023-04-06 14:27:29,518 
2023-04-06 14:27:29,519 Requête 3 tracks_tags : INSERT INTO public.tracks_tags(tracks_id,tags_id) VALUES ((SELECT tracks_id FROM tracks WHERE title = 'MIKROCORE & OUDEE - End'),(SELECT tags_id FROM tags WHERE tag_name = 'oudee')) ON CONFLICT DO NOTHING;
2023-04-06 14:27:29,519 
2023-04-06 14:27:29,519 Requête 3 tracks_tags : INSERT INTO public.tracks_tags(tracks_id,tags_id) VALUES ((SELECT tracks_id FROM tracks WHERE title = 'MIKROCORE & OUDEE - End'),(SELECT tags_id FROM tags WHERE tag_name = 'acidcore')) ON CONFLICT DO NOTHING;
2023-04-06 14:27:29,519 
2023-04-06 14:27:29,519 Requête 3 tracks_tags : INSERT INTO public.tracks_tags(tracks_id,tags_id) VALUES ((SELECT tracks_id FROM tracks WHERE title = 'MIKROCORE & OUDEE - End'),(SELECT tags_id FROM tags WHERE tag_name = 'end')) ON CONFLICT DO NOTHING;
2023-04-06 14:27:29,519 
2023-04-06 14:27:29,519 Requête 3 tracks_tags : INSERT INTO public.tracks_tags(tracks_id,tags_id) VALUES ((SELECT tracks_id FROM tracks WHERE title = 'MIKROCORE & OUDEE - End'),(SELECT tags_id FROM tags WHERE tag_name = 'techno')) ON CONFLICT DO NOTHING;
2023-04-06 14:27:29,519 
2023-04-06 14:27:29,520 Requête 3 tracks_tags : INSERT INTO public.tracks_tags(tracks_id,tags_id) VALUES ((SELECT tracks_id FROM tracks WHERE title = 'MIKROCORE & OUDEE - End'),(SELECT tags_id FROM tags WHERE tag_name = 'tekno')) ON CONFLICT DO NOTHING;
2023-04-06 14:27:29,520 
2023-04-06 14:27:29,520 Requête 3 tracks_tags : INSERT INTO public.tracks_tags(tracks_id,tags_id) VALUES ((SELECT tracks_id FROM tracks WHERE title = 'MIKROCORE & OUDEE - End'),(SELECT tags_id FROM tags WHERE tag_name = 'hardtek')) ON CONFLICT DO NOTHING;
2023-04-06 14:27:29,520 
2023-04-06 14:27:29,520 Requête 3 tracks_tags : INSERT INTO public.tracks_tags(tracks_id,tags_id) VALUES ((SELECT tracks_id FROM tracks WHERE title = 'MIKROCORE & OUDEE - End'),(SELECT tags_id FROM tags WHERE tag_name = '23')) ON CONFLICT DO NOTHING;
2023-04-06 14:27:29,520 
2023-04-06 14:27:29,520 Requête 3 tracks_tags : INSERT INTO public.tracks_tags(tracks_id,tags_id) VALUES ((SELECT tracks_id FROM tracks WHERE title = 'MIKROCORE & OUDEE - End'),(SELECT tags_id FROM tags WHERE tag_name = 'humbuk')) ON CONFLICT DO NOTHING;
2023-04-06 14:27:29,520 
2023-04-06 14:27:29,521 Requête 3 tracks_tags : INSERT INTO public.tracks_tags(tracks_id,tags_id) VALUES ((SELECT tracks_id FROM tracks WHERE title = 'MIKROCORE & OUDEE - End'),(SELECT tags_id FROM tags WHERE tag_name = 'bass')) ON CONFLICT DO NOTHING;
2023-04-06 14:27:29,521 
2023-04-06 14:27:29,521 Requête 3 tracks_tags : INSERT INTO public.tracks_tags(tracks_id,tags_id) VALUES ((SELECT tracks_id FROM tracks WHERE title = 'MIKROCORE & OUDEE - End'),(SELECT tags_id FROM tags WHERE tag_name = 'subbass')) ON CONFLICT DO NOTHING;
2023-04-06 14:27:29,521 
2023-04-06 14:27:29,522 Commit
2023-04-06 14:27:29,522 
2023-04-06 14:27:29,522 Requête 4 artiste : INSERT INTO public.artists(artist_name,num_sub) VALUES ('mazx','42') ON CONFLICT DO NOTHING;
2023-04-06 14:27:29,522 
2023-04-06 14:27:29,522 Requête 4 tag : INSERT INTO public.tags(tag_name) VALUES ('acidcore') ON CONFLICT DO NOTHING;
2023-04-06 14:27:29,522 
2023-04-06 14:27:29,522 Requête 4 tag : INSERT INTO public.tags(tag_name) VALUES ('null') ON CONFLICT DO NOTHING;
2023-04-06 14:27:29,522 
2023-04-06 14:27:29,523 Requête 4 track : INSERT INTO public.tracks(title,artists_id,datep,num_likes,num_comments,num_streams,maintag) VALUES ('#2 UP TO 150 [ACIDCORE]',(SELECT artists_id FROM public.artists WHERE artist_name = 'mazx'),'2023-04-04 18:30:03Z','9','2','44',(SELECT tags_id FROM public.tags WHERE tag_name = 'acidcore')) ON CONFLICT (title) DO UPDATE SET num_likes = '9', num_comments = '2', num_streams = '44' WHERE tracks.title = '#2 UP TO 150 [ACIDCORE]';
2023-04-06 14:27:29,523 
2023-04-06 14:27:29,523 Requête 4 tracks_artists : INSERT INTO public.tracks_artists(tracks_id,artists_id) VALUES ((SELECT tracks_id FROM tracks WHERE title = '#2 UP TO 150 [ACIDCORE]'),(SELECT artists_id FROM artists WHERE artist_name = 'mazx')) ON CONFLICT DO NOTHING;
2023-04-06 14:27:29,523 
2023-04-06 14:27:29,523 Requête 4 tracks_tags : INSERT INTO public.tracks_tags(tracks_id,tags_id) VALUES ((SELECT tracks_id FROM tracks WHERE title = '#2 UP TO 150 [ACIDCORE]'),(SELECT tags_id FROM tags WHERE tag_name = 'null')) ON CONFLICT DO NOTHING;
2023-04-06 14:27:29,523 
2023-04-06 14:27:29,524 Commit
2023-04-06 14:27:29,524 
2023-04-06 14:27:29,524 Requête 5 artiste : INSERT INTO public.artists(artist_name,num_sub) VALUES ('aÿcïd','414') ON CONFLICT DO NOTHING;
2023-04-06 14:27:29,524 
2023-04-06 14:27:29,524 Requête 5 tag : INSERT INTO public.tags(tag_name) VALUES ('acidcore') ON CONFLICT DO NOTHING;
2023-04-06 14:27:29,524 
2023-04-06 14:27:29,524 Requête 5 tag : INSERT INTO public.tags(tag_name) VALUES ('acidcore') ON CONFLICT DO NOTHING;
2023-04-06 14:27:29,525 
2023-04-06 14:27:29,525 Requête 5 tag : INSERT INTO public.tags(tag_name) VALUES ('acid') ON CONFLICT DO NOTHING;
2023-04-06 14:27:29,525 
2023-04-06 14:27:29,525 Requête 5 tag : INSERT INTO public.tags(tag_name) VALUES ('core') ON CONFLICT DO NOTHING;
2023-04-06 14:27:29,525 
2023-04-06 14:27:29,525 Requête 5 tag : INSERT INTO public.tags(tag_name) VALUES ('tekno') ON CONFLICT DO NOTHING;
2023-04-06 14:27:29,525 
2023-04-06 14:27:29,525 Requête 5 tag : INSERT INTO public.tags(tag_name) VALUES ('techno') ON CONFLICT DO NOTHING;
2023-04-06 14:27:29,525 
2023-04-06 14:27:29,525 Requête 5 tag : INSERT INTO public.tags(tag_name) VALUES ('909') ON CONFLICT DO NOTHING;
2023-04-06 14:27:29,526 
2023-04-06 14:27:29,526 Requête 5 tag : INSERT INTO public.tags(tag_name) VALUES ('303') ON CONFLICT DO NOTHING;
2023-04-06 14:27:29,526 
2023-04-06 14:27:29,526 Requête 5 track : INSERT INTO public.tracks(title,artists_id,datep,num_likes,num_comments,num_streams,maintag) VALUES ('Aÿcïd - Withdrawal',(SELECT artists_id FROM public.artists WHERE artist_name = 'aÿcïd'),'2023-04-04 18:12:07Z','17','1','140',(SELECT tags_id FROM public.tags WHERE tag_name = 'acidcore')) ON CONFLICT (title) DO UPDATE SET num_likes = '17', num_comments = '1', num_streams = '140' WHERE tracks.title = 'Aÿcïd - Withdrawal';
2023-04-06 14:27:29,526 
2023-04-06 14:27:29,526 Requête 5 tracks_artists : INSERT INTO public.tracks_artists(tracks_id,artists_id) VALUES ((SELECT tracks_id FROM tracks WHERE title = 'Aÿcïd - Withdrawal'),(SELECT artists_id FROM artists WHERE artist_name = 'aÿcïd')) ON CONFLICT DO NOTHING;
2023-04-06 14:27:29,526 
2023-04-06 14:27:29,526 Requête 5 tracks_tags : INSERT INTO public.tracks_tags(tracks_id,tags_id) VALUES ((SELECT tracks_id FROM tracks WHERE title = 'Aÿcïd - Withdrawal'),(SELECT tags_id FROM tags WHERE tag_name = 'acidcore')) ON CONFLICT DO NOTHING;
2023-04-06 14:27:29,526 
2023-04-06 14:27:29,526 Requête 5 tracks_tags : INSERT INTO public.tracks_tags(tracks_id,tags_id) VALUES ((SELECT tracks_id FROM tracks WHERE title = 'Aÿcïd - Withdrawal'),(SELECT tags_id FROM tags WHERE tag_name = 'acid')) ON CONFLICT DO NOTHING;
2023-04-06 14:27:29,526 
2023-04-06 14:27:29,527 Requête 5 tracks_tags : INSERT INTO public.tracks_tags(tracks_id,tags_id) VALUES ((SELECT tracks_id FROM tracks WHERE title = 'Aÿcïd - Withdrawal'),(SELECT tags_id FROM tags WHERE tag_name = 'core')) ON CONFLICT DO NOTHING;
2023-04-06 14:27:29,527 
2023-04-06 14:27:29,527 Requête 5 tracks_tags : INSERT INTO public.tracks_tags(tracks_id,tags_id) VALUES ((SELECT tracks_id FROM tracks WHERE title = 'Aÿcïd - Withdrawal'),(SELECT tags_id FROM tags WHERE tag_name = 'tekno')) ON CONFLICT DO NOTHING;
2023-04-06 14:27:29,527 
2023-04-06 14:27:29,527 Requête 5 tracks_tags : INSERT INTO public.tracks_tags(tracks_id,tags_id) VALUES ((SELECT tracks_id FROM tracks WHERE title = 'Aÿcïd - Withdrawal'),(SELECT tags_id FROM tags WHERE tag_name = 'techno')) ON CONFLICT DO NOTHING;
2023-04-06 14:27:29,527 
2023-04-06 14:27:29,528 Requête 5 tracks_tags : INSERT INTO public.tracks_tags(tracks_id,tags_id) VALUES ((SELECT tracks_id FROM tracks WHERE title = 'Aÿcïd - Withdrawal'),(SELECT tags_id FROM tags WHERE tag_name = '909')) ON CONFLICT DO NOTHING;
2023-04-06 14:27:29,528 
2023-04-06 14:27:29,528 Requête 5 tracks_tags : INSERT INTO public.tracks_tags(tracks_id,tags_id) VALUES ((SELECT tracks_id FROM tracks WHERE title = 'Aÿcïd - Withdrawal'),(SELECT tags_id FROM tags WHERE tag_name = '303')) ON CONFLICT DO NOTHING;
2023-04-06 14:27:29,528 
2023-04-06 14:27:29,528 Commit
2023-04-06 14:27:29,528 
2023-04-06 14:27:29,530 Requête 6 artiste : INSERT INTO public.artists(artist_name,num_sub) VALUES ('for real bro ?','2') ON CONFLICT DO NOTHING;
2023-04-06 14:27:29,530 
2023-04-06 14:27:29,530 Requête 6 tag : INSERT INTO public.tags(tag_name) VALUES ('null') ON CONFLICT DO NOTHING;
2023-04-06 14:27:29,530 
2023-04-06 14:27:29,530 Requête 6 tag : INSERT INTO public.tags(tag_name) VALUES ('acidcore') ON CONFLICT DO NOTHING;
2023-04-06 14:27:29,530 
2023-04-06 14:27:29,530 Requête 6 tag : INSERT INTO public.tags(tag_name) VALUES ('acid') ON CONFLICT DO NOTHING;
2023-04-06 14:27:29,530 
2023-04-06 14:27:29,530 Requête 6 tag : INSERT INTO public.tags(tag_name) VALUES ('tekno') ON CONFLICT DO NOTHING;
2023-04-06 14:27:29,531 
2023-04-06 14:27:29,531 Requête 6 track : INSERT INTO public.tracks(title,artists_id,datep,num_likes,num_comments,num_streams,maintag) VALUES ('Bouffe Bien Ton Aigu',(SELECT artists_id FROM public.artists WHERE artist_name = 'for real bro ?'),'2023-04-04 16:25:15Z','2','0','11',(SELECT tags_id FROM public.tags WHERE tag_name = 'null')) ON CONFLICT (title) DO UPDATE SET num_likes = '2', num_comments = '0', num_streams = '11' WHERE tracks.title = 'Bouffe Bien Ton Aigu';
2023-04-06 14:27:29,531 
2023-04-06 14:27:29,531 Requête 6 tracks_artists : INSERT INTO public.tracks_artists(tracks_id,artists_id) VALUES ((SELECT tracks_id FROM tracks WHERE title = 'Bouffe Bien Ton Aigu'),(SELECT artists_id FROM artists WHERE artist_name = 'for real bro ?')) ON CONFLICT DO NOTHING;
2023-04-06 14:27:29,531 
2023-04-06 14:27:29,531 Requête 6 tracks_tags : INSERT INTO public.tracks_tags(tracks_id,tags_id) VALUES ((SELECT tracks_id FROM tracks WHERE title = 'Bouffe Bien Ton Aigu'),(SELECT tags_id FROM tags WHERE tag_name = 'acidcore')) ON CONFLICT DO NOTHING;
2023-04-06 14:27:29,531 
2023-04-06 14:27:29,532 Requête 6 tracks_tags : INSERT INTO public.tracks_tags(tracks_id,tags_id) VALUES ((SELECT tracks_id FROM tracks WHERE title = 'Bouffe Bien Ton Aigu'),(SELECT tags_id FROM tags WHERE tag_name = 'acid')) ON CONFLICT DO NOTHING;
2023-04-06 14:27:29,532 
2023-04-06 14:27:29,532 Requête 6 tracks_tags : INSERT INTO public.tracks_tags(tracks_id,tags_id) VALUES ((SELECT tracks_id FROM tracks WHERE title = 'Bouffe Bien Ton Aigu'),(SELECT tags_id FROM tags WHERE tag_name = 'tekno')) ON CONFLICT DO NOTHING;
2023-04-06 14:27:29,532 
2023-04-06 14:27:29,532 Commit
2023-04-06 14:27:29,532 
2023-04-06 14:27:29,533 Requête 7 artiste : INSERT INTO public.artists(artist_name,num_sub) VALUES ('for real bro ?','2') ON CONFLICT DO NOTHING;
2023-04-06 14:27:29,533 
2023-04-06 14:27:29,533 Requête 7 tag : INSERT INTO public.tags(tag_name) VALUES ('null') ON CONFLICT DO NOTHING;
2023-04-06 14:27:29,533 
2023-04-06 14:27:29,533 Requête 7 tag : INSERT INTO public.tags(tag_name) VALUES ('skone') ON CONFLICT DO NOTHING;
2023-04-06 14:27:29,533 
2023-04-06 14:27:29,533 Requête 7 tag : INSERT INTO public.tags(tag_name) VALUES ('acidcore') ON CONFLICT DO NOTHING;
2023-04-06 14:27:29,533 
2023-04-06 14:27:29,533 Requête 7 tag : INSERT INTO public.tags(tag_name) VALUES ('art') ON CONFLICT DO NOTHING;
2023-04-06 14:27:29,534 
2023-04-06 14:27:29,534 Requête 7 tag : INSERT INTO public.tags(tag_name) VALUES ('outra') ON CONFLICT DO NOTHING;
2023-04-06 14:27:29,534 
2023-04-06 14:27:29,534 Requête 7 tag : INSERT INTO public.tags(tag_name) VALUES ('tekno') ON CONFLICT DO NOTHING;
2023-04-06 14:27:29,534 
2023-04-06 14:27:29,534 Requête 7 track : INSERT INTO public.tracks(title,artists_id,datep,num_likes,num_comments,num_streams,maintag) VALUES ('Acidcore mélodique chelou',(SELECT artists_id FROM public.artists WHERE artist_name = 'for real bro ?'),'2023-04-04 16:15:51Z','0','0','15',(SELECT tags_id FROM public.tags WHERE tag_name = 'null')) ON CONFLICT (title) DO UPDATE SET num_likes = '0', num_comments = '0', num_streams = '15' WHERE tracks.title = 'Acidcore mélodique chelou';
2023-04-06 14:27:29,534 
2023-04-06 14:27:29,534 Requête 7 tracks_artists : INSERT INTO public.tracks_artists(tracks_id,artists_id) VALUES ((SELECT tracks_id FROM tracks WHERE title = 'Acidcore mélodique chelou'),(SELECT artists_id FROM artists WHERE artist_name = 'for real bro ?')) ON CONFLICT DO NOTHING;
2023-04-06 14:27:29,535 
2023-04-06 14:27:29,535 Requête 7 tracks_tags : INSERT INTO public.tracks_tags(tracks_id,tags_id) VALUES ((SELECT tracks_id FROM tracks WHERE title = 'Acidcore mélodique chelou'),(SELECT tags_id FROM tags WHERE tag_name = 'skone')) ON CONFLICT DO NOTHING;
2023-04-06 14:27:29,535 
2023-04-06 14:27:29,535 Requête 7 tracks_tags : INSERT INTO public.tracks_tags(tracks_id,tags_id) VALUES ((SELECT tracks_id FROM tracks WHERE title = 'Acidcore mélodique chelou'),(SELECT tags_id FROM tags WHERE tag_name = 'acidcore')) ON CONFLICT DO NOTHING;
2023-04-06 14:27:29,535 
2023-04-06 14:27:29,535 Requête 7 tracks_tags : INSERT INTO public.tracks_tags(tracks_id,tags_id) VALUES ((SELECT tracks_id FROM tracks WHERE title = 'Acidcore mélodique chelou'),(SELECT tags_id FROM tags WHERE tag_name = 'art')) ON CONFLICT DO NOTHING;
2023-04-06 14:27:29,535 
2023-04-06 14:27:29,536 Requête 7 tracks_tags : INSERT INTO public.tracks_tags(tracks_id,tags_id) VALUES ((SELECT tracks_id FROM tracks WHERE title = 'Acidcore mélodique chelou'),(SELECT tags_id FROM tags WHERE tag_name = 'outra')) ON CONFLICT DO NOTHING;
2023-04-06 14:27:29,536 
2023-04-06 14:27:29,536 Requête 7 tracks_tags : INSERT INTO public.tracks_tags(tracks_id,tags_id) VALUES ((SELECT tracks_id FROM tracks WHERE title = 'Acidcore mélodique chelou'),(SELECT tags_id FROM tags WHERE tag_name = 'tekno')) ON CONFLICT DO NOTHING;
2023-04-06 14:27:29,536 
2023-04-06 14:27:29,537 Commit
2023-04-06 14:27:29,537 
2023-04-06 14:27:29,537 Requête 8 artiste : INSERT INTO public.artists(artist_name,num_sub) VALUES ('hugezy','59') ON CONFLICT DO NOTHING;
2023-04-06 14:27:29,537 
2023-04-06 14:27:29,538 Requête 8 tag : INSERT INTO public.tags(tag_name) VALUES ('acidtech') ON CONFLICT DO NOTHING;
2023-04-06 14:27:29,538 
2023-04-06 14:27:29,538 Requête 8 tag : INSERT INTO public.tags(tag_name) VALUES ('techno') ON CONFLICT DO NOTHING;
2023-04-06 14:27:29,538 
2023-04-06 14:27:29,538 Requête 8 tag : INSERT INTO public.tags(tag_name) VALUES ('acid') ON CONFLICT DO NOTHING;
2023-04-06 14:27:29,538 
2023-04-06 14:27:29,538 Requête 8 tag : INSERT INTO public.tags(tag_name) VALUES ('acidcore') ON CONFLICT DO NOTHING;
2023-04-06 14:27:29,538 
2023-04-06 14:27:29,538 Requête 8 tag : INSERT INTO public.tags(tag_name) VALUES ('breakbeat') ON CONFLICT DO NOTHING;
2023-04-06 14:27:29,538 
2023-04-06 14:27:29,538 Requête 8 tag : INSERT INTO public.tags(tag_name) VALUES ('breakcore') ON CONFLICT DO NOTHING;
2023-04-06 14:27:29,539 
2023-04-06 14:27:29,539 Requête 8 tag : INSERT INTO public.tags(tag_name) VALUES ('jungle') ON CONFLICT DO NOTHING;
2023-04-06 14:27:29,539 
2023-04-06 14:27:29,539 Requête 8 tag : INSERT INTO public.tags(tag_name) VALUES ('dnb') ON CONFLICT DO NOTHING;
2023-04-06 14:27:29,539 
2023-04-06 14:27:29,539 Requête 8 tag : INSERT INTO public.tags(tag_name) VALUES ('drum') ON CONFLICT DO NOTHING;
2023-04-06 14:27:29,539 
2023-04-06 14:27:29,539 Requête 8 tag : INSERT INTO public.tags(tag_name) VALUES ('&') ON CONFLICT DO NOTHING;
2023-04-06 14:27:29,540 
2023-04-06 14:27:29,540 Requête 8 tag : INSERT INTO public.tags(tag_name) VALUES ('bass') ON CONFLICT DO NOTHING;
2023-04-06 14:27:29,540 
2023-04-06 14:27:29,540 Requête 8 tag : INSERT INTO public.tags(tag_name) VALUES ('house') ON CONFLICT DO NOTHING;
2023-04-06 14:27:29,540 
2023-04-06 14:27:29,540 Requête 8 tag : INSERT INTO public.tags(tag_name) VALUES ('acid') ON CONFLICT DO NOTHING;
2023-04-06 14:27:29,540 
2023-04-06 14:27:29,541 Requête 8 tag : INSERT INTO public.tags(tag_name) VALUES ('punk') ON CONFLICT DO NOTHING;
2023-04-06 14:27:29,541 
2023-04-06 14:27:29,541 Requête 8 tag : INSERT INTO public.tags(tag_name) VALUES ('hardtechno') ON CONFLICT DO NOTHING;
2023-04-06 14:27:29,541 
2023-04-06 14:27:29,541 Requête 8 tag : INSERT INTO public.tags(tag_name) VALUES ('hardcore') ON CONFLICT DO NOTHING;
2023-04-06 14:27:29,541 
2023-04-06 14:27:29,541 Requête 8 tag : INSERT INTO public.tags(tag_name) VALUES ('techno') ON CONFLICT DO NOTHING;
2023-04-06 14:27:29,542 
2023-04-06 14:27:29,542 Requête 8 tag : INSERT INTO public.tags(tag_name) VALUES ('hardstyle') ON CONFLICT DO NOTHING;
2023-04-06 14:27:29,542 
2023-04-06 14:27:29,542 Requête 8 tag : INSERT INTO public.tags(tag_name) VALUES ('hardcore') ON CONFLICT DO NOTHING;
2023-04-06 14:27:29,542 
2023-04-06 14:27:29,542 Requête 8 track : INSERT INTO public.tracks(title,artists_id,datep,num_likes,num_comments,num_streams,maintag) VALUES ('Acidicles',(SELECT artists_id FROM public.artists WHERE artist_name = 'hugezy'),'2023-04-04 14:52:36Z','16','8','54',(SELECT tags_id FROM public.tags WHERE tag_name = 'acidtech')) ON CONFLICT (title) DO UPDATE SET num_likes = '16', num_comments = '8', num_streams = '54' WHERE tracks.title = 'Acidicles';
2023-04-06 14:27:29,542 
2023-04-06 14:27:29,543 Requête 8 tracks_artists : INSERT INTO public.tracks_artists(tracks_id,artists_id) VALUES ((SELECT tracks_id FROM tracks WHERE title = 'Acidicles'),(SELECT artists_id FROM artists WHERE artist_name = 'hugezy')) ON CONFLICT DO NOTHING;
2023-04-06 14:27:29,543 
2023-04-06 14:27:29,543 Requête 8 tracks_tags : INSERT INTO public.tracks_tags(tracks_id,tags_id) VALUES ((SELECT tracks_id FROM tracks WHERE title = 'Acidicles'),(SELECT tags_id FROM tags WHERE tag_name = 'techno')) ON CONFLICT DO NOTHING;
2023-04-06 14:27:29,543 
2023-04-06 14:27:29,543 Requête 8 tracks_tags : INSERT INTO public.tracks_tags(tracks_id,tags_id) VALUES ((SELECT tracks_id FROM tracks WHERE title = 'Acidicles'),(SELECT tags_id FROM tags WHERE tag_name = 'acid')) ON CONFLICT DO NOTHING;
2023-04-06 14:27:29,543 
2023-04-06 14:27:29,544 Requête 8 tracks_tags : INSERT INTO public.tracks_tags(tracks_id,tags_id) VALUES ((SELECT tracks_id FROM tracks WHERE title = 'Acidicles'),(SELECT tags_id FROM tags WHERE tag_name = 'acidcore')) ON CONFLICT DO NOTHING;
2023-04-06 14:27:29,544 
2023-04-06 14:27:29,544 Requête 8 tracks_tags : INSERT INTO public.tracks_tags(tracks_id,tags_id) VALUES ((SELECT tracks_id FROM tracks WHERE title = 'Acidicles'),(SELECT tags_id FROM tags WHERE tag_name = 'breakbeat')) ON CONFLICT DO NOTHING;
2023-04-06 14:27:29,544 
2023-04-06 14:27:29,544 Requête 8 tracks_tags : INSERT INTO public.tracks_tags(tracks_id,tags_id) VALUES ((SELECT tracks_id FROM tracks WHERE title = 'Acidicles'),(SELECT tags_id FROM tags WHERE tag_name = 'breakcore')) ON CONFLICT DO NOTHING;
2023-04-06 14:27:29,544 
2023-04-06 14:27:29,545 Requête 8 tracks_tags : INSERT INTO public.tracks_tags(tracks_id,tags_id) VALUES ((SELECT tracks_id FROM tracks WHERE title = 'Acidicles'),(SELECT tags_id FROM tags WHERE tag_name = 'jungle')) ON CONFLICT DO NOTHING;
2023-04-06 14:27:29,545 
2023-04-06 14:27:29,545 Requête 8 tracks_tags : INSERT INTO public.tracks_tags(tracks_id,tags_id) VALUES ((SELECT tracks_id FROM tracks WHERE title = 'Acidicles'),(SELECT tags_id FROM tags WHERE tag_name = 'dnb')) ON CONFLICT DO NOTHING;
2023-04-06 14:27:29,545 
2023-04-06 14:27:29,545 Requête 8 tracks_tags : INSERT INTO public.tracks_tags(tracks_id,tags_id) VALUES ((SELECT tracks_id FROM tracks WHERE title = 'Acidicles'),(SELECT tags_id FROM tags WHERE tag_name = 'drum')) ON CONFLICT DO NOTHING;
2023-04-06 14:27:29,545 
2023-04-06 14:27:29,545 Requête 8 tracks_tags : INSERT INTO public.tracks_tags(tracks_id,tags_id) VALUES ((SELECT tracks_id FROM tracks WHERE title = 'Acidicles'),(SELECT tags_id FROM tags WHERE tag_name = '&')) ON CONFLICT DO NOTHING;
2023-04-06 14:27:29,545 
2023-04-06 14:27:29,546 Requête 8 tracks_tags : INSERT INTO public.tracks_tags(tracks_id,tags_id) VALUES ((SELECT tracks_id FROM tracks WHERE title = 'Acidicles'),(SELECT tags_id FROM tags WHERE tag_name = 'bass')) ON CONFLICT DO NOTHING;
2023-04-06 14:27:29,546 
2023-04-06 14:27:29,546 Requête 8 tracks_tags : INSERT INTO public.tracks_tags(tracks_id,tags_id) VALUES ((SELECT tracks_id FROM tracks WHERE title = 'Acidicles'),(SELECT tags_id FROM tags WHERE tag_name = 'house')) ON CONFLICT DO NOTHING;
2023-04-06 14:27:29,546 
2023-04-06 14:27:29,546 Requête 8 tracks_tags : INSERT INTO public.tracks_tags(tracks_id,tags_id) VALUES ((SELECT tracks_id FROM tracks WHERE title = 'Acidicles'),(SELECT tags_id FROM tags WHERE tag_name = 'acid')) ON CONFLICT DO NOTHING;
2023-04-06 14:27:29,546 
2023-04-06 14:27:29,546 Requête 8 tracks_tags : INSERT INTO public.tracks_tags(tracks_id,tags_id) VALUES ((SELECT tracks_id FROM tracks WHERE title = 'Acidicles'),(SELECT tags_id FROM tags WHERE tag_name = 'punk')) ON CONFLICT DO NOTHING;
2023-04-06 14:27:29,546 
2023-04-06 14:27:29,546 Requête 8 tracks_tags : INSERT INTO public.tracks_tags(tracks_id,tags_id) VALUES ((SELECT tracks_id FROM tracks WHERE title = 'Acidicles'),(SELECT tags_id FROM tags WHERE tag_name = 'hardtechno')) ON CONFLICT DO NOTHING;
2023-04-06 14:27:29,546 
2023-04-06 14:27:29,548 Requête 8 tracks_tags : INSERT INTO public.tracks_tags(tracks_id,tags_id) VALUES ((SELECT tracks_id FROM tracks WHERE title = 'Acidicles'),(SELECT tags_id FROM tags WHERE tag_name = 'hardcore')) ON CONFLICT DO NOTHING;
2023-04-06 14:27:29,548 
2023-04-06 14:27:29,548 Requête 8 tracks_tags : INSERT INTO public.tracks_tags(tracks_id,tags_id) VALUES ((SELECT tracks_id FROM tracks WHERE title = 'Acidicles'),(SELECT tags_id FROM tags WHERE tag_name = 'techno')) ON CONFLICT DO NOTHING;
2023-04-06 14:27:29,548 
2023-04-06 14:27:29,548 Requête 8 tracks_tags : INSERT INTO public.tracks_tags(tracks_id,tags_id) VALUES ((SELECT tracks_id FROM tracks WHERE title = 'Acidicles'),(SELECT tags_id FROM tags WHERE tag_name = 'hardstyle')) ON CONFLICT DO NOTHING;
2023-04-06 14:27:29,548 
2023-04-06 14:27:29,549 Requête 8 tracks_tags : INSERT INTO public.tracks_tags(tracks_id,tags_id) VALUES ((SELECT tracks_id FROM tracks WHERE title = 'Acidicles'),(SELECT tags_id FROM tags WHERE tag_name = 'hardcore')) ON CONFLICT DO NOTHING;
2023-04-06 14:27:29,549 
2023-04-06 14:27:29,549 Commit
2023-04-06 14:27:29,549 
2023-04-06 14:27:29,549 Requête 9 artiste : INSERT INTO public.artists(artist_name,num_sub) VALUES ('xiopy','47') ON CONFLICT DO NOTHING;
2023-04-06 14:27:29,549 
2023-04-06 14:27:29,550 Requête 9 tag : INSERT INTO public.tags(tag_name) VALUES ('null') ON CONFLICT DO NOTHING;
2023-04-06 14:27:29,550 
2023-04-06 14:27:29,550 Requête 9 tag : INSERT INTO public.tags(tag_name) VALUES ('acid') ON CONFLICT DO NOTHING;
2023-04-06 14:27:29,550 
2023-04-06 14:27:29,550 Requête 9 tag : INSERT INTO public.tags(tag_name) VALUES ('techno') ON CONFLICT DO NOTHING;
2023-04-06 14:27:29,550 
2023-04-06 14:27:29,550 Requête 9 tag : INSERT INTO public.tags(tag_name) VALUES ('rave') ON CONFLICT DO NOTHING;
2023-04-06 14:27:29,550 
2023-04-06 14:27:29,550 Requête 9 tag : INSERT INTO public.tags(tag_name) VALUES ('teuf') ON CONFLICT DO NOTHING;
2023-04-06 14:27:29,551 
2023-04-06 14:27:29,551 Requête 9 tag : INSERT INTO public.tags(tag_name) VALUES ('acidtechno') ON CONFLICT DO NOTHING;
2023-04-06 14:27:29,551 
2023-04-06 14:27:29,551 Requête 9 tag : INSERT INTO public.tags(tag_name) VALUES ('mental') ON CONFLICT DO NOTHING;
2023-04-06 14:27:29,551 
2023-04-06 14:27:29,551 Requête 9 tag : INSERT INTO public.tags(tag_name) VALUES ('tribe') ON CONFLICT DO NOTHING;
2023-04-06 14:27:29,551 
2023-04-06 14:27:29,551 Requête 9 tag : INSERT INTO public.tags(tag_name) VALUES ('mentaltrib') ON CONFLICT DO NOTHING;
2023-04-06 14:27:29,551 
2023-04-06 14:27:29,551 Requête 9 tag : INSERT INTO public.tags(tag_name) VALUES ('tek') ON CONFLICT DO NOTHING;
2023-04-06 14:27:29,552 
2023-04-06 14:27:29,552 Requête 9 tag : INSERT INTO public.tags(tag_name) VALUES ('tekno') ON CONFLICT DO NOTHING;
2023-04-06 14:27:29,552 
2023-04-06 14:27:29,552 Requête 9 tag : INSERT INTO public.tags(tag_name) VALUES ('acidcore') ON CONFLICT DO NOTHING;
2023-04-06 14:27:29,552 
2023-04-06 14:27:29,552 Requête 9 tag : INSERT INTO public.tags(tag_name) VALUES ('acidtribe') ON CONFLICT DO NOTHING;
2023-04-06 14:27:29,552 
2023-04-06 14:27:29,552 Requête 9 track : INSERT INTO public.tracks(title,artists_id,datep,num_likes,num_comments,num_streams,maintag) VALUES ('Xiopy - ATMT Mind Flayer',(SELECT artists_id FROM public.artists WHERE artist_name = 'xiopy'),'2023-04-04 12:46:30Z','2','0','24',(SELECT tags_id FROM public.tags WHERE tag_name = 'null')) ON CONFLICT (title) DO UPDATE SET num_likes = '2', num_comments = '0', num_streams = '24' WHERE tracks.title = 'Xiopy - ATMT Mind Flayer';
2023-04-06 14:27:29,552 
2023-04-06 14:27:29,553 Requête 9 tracks_artists : INSERT INTO public.tracks_artists(tracks_id,artists_id) VALUES ((SELECT tracks_id FROM tracks WHERE title = 'Xiopy - ATMT Mind Flayer'),(SELECT artists_id FROM artists WHERE artist_name = 'xiopy')) ON CONFLICT DO NOTHING;
2023-04-06 14:27:29,553 
2023-04-06 14:27:29,553 Requête 9 tracks_tags : INSERT INTO public.tracks_tags(tracks_id,tags_id) VALUES ((SELECT tracks_id FROM tracks WHERE title = 'Xiopy - ATMT Mind Flayer'),(SELECT tags_id FROM tags WHERE tag_name = 'acid')) ON CONFLICT DO NOTHING;
2023-04-06 14:27:29,553 
2023-04-06 14:27:29,554 Requête 9 tracks_tags : INSERT INTO public.tracks_tags(tracks_id,tags_id) VALUES ((SELECT tracks_id FROM tracks WHERE title = 'Xiopy - ATMT Mind Flayer'),(SELECT tags_id FROM tags WHERE tag_name = 'techno')) ON CONFLICT DO NOTHING;
2023-04-06 14:27:29,554 
2023-04-06 14:27:29,554 Requête 9 tracks_tags : INSERT INTO public.tracks_tags(tracks_id,tags_id) VALUES ((SELECT tracks_id FROM tracks WHERE title = 'Xiopy - ATMT Mind Flayer'),(SELECT tags_id FROM tags WHERE tag_name = 'rave')) ON CONFLICT DO NOTHING;
2023-04-06 14:27:29,554 
2023-04-06 14:27:29,554 Requête 9 tracks_tags : INSERT INTO public.tracks_tags(tracks_id,tags_id) VALUES ((SELECT tracks_id FROM tracks WHERE title = 'Xiopy - ATMT Mind Flayer'),(SELECT tags_id FROM tags WHERE tag_name = 'teuf')) ON CONFLICT DO NOTHING;
2023-04-06 14:27:29,554 
2023-04-06 14:27:29,554 Requête 9 tracks_tags : INSERT INTO public.tracks_tags(tracks_id,tags_id) VALUES ((SELECT tracks_id FROM tracks WHERE title = 'Xiopy - ATMT Mind Flayer'),(SELECT tags_id FROM tags WHERE tag_name = 'acidtechno')) ON CONFLICT DO NOTHING;
2023-04-06 14:27:29,554 
2023-04-06 14:27:29,555 Requête 9 tracks_tags : INSERT INTO public.tracks_tags(tracks_id,tags_id) VALUES ((SELECT tracks_id FROM tracks WHERE title = 'Xiopy - ATMT Mind Flayer'),(SELECT tags_id FROM tags WHERE tag_name = 'mental')) ON CONFLICT DO NOTHING;
2023-04-06 14:27:29,555 
2023-04-06 14:27:29,555 Requête 9 tracks_tags : INSERT INTO public.tracks_tags(tracks_id,tags_id) VALUES ((SELECT tracks_id FROM tracks WHERE title = 'Xiopy - ATMT Mind Flayer'),(SELECT tags_id FROM tags WHERE tag_name = 'tribe')) ON CONFLICT DO NOTHING;
2023-04-06 14:27:29,555 
2023-04-06 14:27:29,555 Requête 9 tracks_tags : INSERT INTO public.tracks_tags(tracks_id,tags_id) VALUES ((SELECT tracks_id FROM tracks WHERE title = 'Xiopy - ATMT Mind Flayer'),(SELECT tags_id FROM tags WHERE tag_name = 'mentaltrib')) ON CONFLICT DO NOTHING;
2023-04-06 14:27:29,555 
2023-04-06 14:27:29,556 Requête 9 tracks_tags : INSERT INTO public.tracks_tags(tracks_id,tags_id) VALUES ((SELECT tracks_id FROM tracks WHERE title = 'Xiopy - ATMT Mind Flayer'),(SELECT tags_id FROM tags WHERE tag_name = 'tek')) ON CONFLICT DO NOTHING;
2023-04-06 14:27:29,556 
2023-04-06 14:27:29,556 Requête 9 tracks_tags : INSERT INTO public.tracks_tags(tracks_id,tags_id) VALUES ((SELECT tracks_id FROM tracks WHERE title = 'Xiopy - ATMT Mind Flayer'),(SELECT tags_id FROM tags WHERE tag_name = 'tekno')) ON CONFLICT DO NOTHING;
2023-04-06 14:27:29,556 
2023-04-06 14:27:29,556 Requête 9 tracks_tags : INSERT INTO public.tracks_tags(tracks_id,tags_id) VALUES ((SELECT tracks_id FROM tracks WHERE title = 'Xiopy - ATMT Mind Flayer'),(SELECT tags_id FROM tags WHERE tag_name = 'acidcore')) ON CONFLICT DO NOTHING;
2023-04-06 14:27:29,556 
2023-04-06 14:27:29,556 Requête 9 tracks_tags : INSERT INTO public.tracks_tags(tracks_id,tags_id) VALUES ((SELECT tracks_id FROM tracks WHERE title = 'Xiopy - ATMT Mind Flayer'),(SELECT tags_id FROM tags WHERE tag_name = 'acidtribe')) ON CONFLICT DO NOTHING;
2023-04-06 14:27:29,557 
2023-04-06 14:27:29,557 Commit
2023-04-06 14:27:29,557 
2023-04-06 14:27:29,557 Fin des requête d'insertion
2023-04-06 14:27:29,557 
2023-04-06 14:27:29,557 Curseur fermé
2023-04-06 14:27:29,557 Connexion avec la base de données fermée
2023-04-06 14:27:29,557 
2023-04-06 14:27:29,557 <<FIN LOADING>>
